[0.006s] Invoking command in '/home/annguyen/claybot_ws/build/claybot_srvcli': CMAKE_PREFIX_PATH=${CMAKE_PREFIX_PATH}:/opt/ros/jazzy /usr/bin/cmake /home/annguyen/claybot_ws/src/claybot_srvcli -DCMAKE_INSTALL_PREFIX=/home/annguyen/claybot_ws/install/claybot_srvcli
[0.057s] -- The C compiler identification is GNU 13.2.0
[0.108s] -- The CXX compiler identification is GNU 13.2.0
[0.129s] -- Detecting C compiler ABI info
[0.235s] -- Detecting C compiler ABI info - done
[0.242s] -- Check for working C compiler: /usr/bin/cc - skipped
[0.243s] -- Detecting C compile features
[0.243s] -- Detecting C compile features - done
[0.254s] -- Detecting CXX compiler ABI info
[0.363s] -- Detecting CXX compiler ABI info - done
[0.367s] -- Check for working CXX compiler: /usr/bin/c++ - skipped
[0.367s] -- Detecting CXX compile features
[0.367s] -- Detecting CXX compile features - done
[0.369s] -- Found ament_cmake: 2.5.2 (/opt/ros/jazzy/share/ament_cmake/cmake)
[0.482s] -- Found Python3: /usr/bin/python3 (found version "3.12.3") found components: Interpreter 
[0.547s] -- Found rclcpp: 28.1.5 (/opt/ros/jazzy/share/rclcpp/cmake)
[0.576s] -- Found rosidl_generator_c: 4.6.4 (/opt/ros/jazzy/share/rosidl_generator_c/cmake)
[0.584s] -- Found rosidl_generator_cpp: 4.6.4 (/opt/ros/jazzy/share/rosidl_generator_cpp/cmake)
[0.594s] -- Using all available rosidl_typesupport_c: rosidl_typesupport_fastrtps_c;rosidl_typesupport_introspection_c
[0.604s] -- Using all available rosidl_typesupport_cpp: rosidl_typesupport_fastrtps_cpp;rosidl_typesupport_introspection_cpp
[0.648s] -- Found rmw_implementation_cmake: 7.3.1 (/opt/ros/jazzy/share/rmw_implementation_cmake/cmake)
[0.650s] -- Found rmw_fastrtps_cpp: 8.4.1 (/opt/ros/jazzy/share/rmw_fastrtps_cpp/cmake)
[0.727s] -- Found OpenSSL: /usr/lib/x86_64-linux-gnu/libcrypto.so (found version "3.0.13")  
[0.753s] -- Found FastRTPS: /opt/ros/jazzy/include (Required is at least version "2.13") 
[0.772s] -- Using RMW implementation 'rmw_fastrtps_cpp' as default
[0.813s] -- Found example_interfaces: 0.12.0 (/opt/ros/jazzy/share/example_interfaces/cmake)
[0.844s] -- Found ament_lint_auto: 0.17.1 (/opt/ros/jazzy/share/ament_lint_auto/cmake)
[0.898s] -- Added test 'cppcheck' to perform static code analysis on C / C++ code
[0.898s] -- Configured cppcheck include dirs: 
[0.898s] -- Configured cppcheck exclude dirs and/or files: 
[0.898s] -- Added test 'lint_cmake' to check CMake code style
[0.899s] -- Added test 'uncrustify' to check C / C++ code style
[0.899s] -- Configured uncrustify additional arguments: 
[0.899s] -- Added test 'xmllint' to check XML markup files
[0.900s] -- Configuring done (0.9s)
[0.905s] -- Generating done (0.0s)
[0.906s] -- Build files have been written to: /home/annguyen/claybot_ws/build/claybot_srvcli
[0.912s] Invoked command in '/home/annguyen/claybot_ws/build/claybot_srvcli' returned '0': CMAKE_PREFIX_PATH=${CMAKE_PREFIX_PATH}:/opt/ros/jazzy /usr/bin/cmake /home/annguyen/claybot_ws/src/claybot_srvcli -DCMAKE_INSTALL_PREFIX=/home/annguyen/claybot_ws/install/claybot_srvcli
[0.912s] Invoking command in '/home/annguyen/claybot_ws/build/claybot_srvcli': CMAKE_PREFIX_PATH=${CMAKE_PREFIX_PATH}:/opt/ros/jazzy /usr/bin/cmake --build /home/annguyen/claybot_ws/build/claybot_srvcli -- -j32 -l32
[0.951s] [ 25%] [32mBuilding CXX object CMakeFiles/server.dir/src/add_two_ints_server.cpp.o[0m
[0.951s] [ 50%] [32mBuilding CXX object CMakeFiles/client.dir/src/add_two_ints_client.cpp.o[0m
[2.563s] [ 75%] [32m[1mLinking CXX executable server[0m
[2.640s] [ 75%] Built target server
[2.679s] [100%] [32m[1mLinking CXX executable client[0m
[2.765s] [100%] Built target client
[2.776s] Invoked command in '/home/annguyen/claybot_ws/build/claybot_srvcli' returned '0': CMAKE_PREFIX_PATH=${CMAKE_PREFIX_PATH}:/opt/ros/jazzy /usr/bin/cmake --build /home/annguyen/claybot_ws/build/claybot_srvcli -- -j32 -l32
[2.826s] Invoking command in '/home/annguyen/claybot_ws/build/claybot_srvcli': CMAKE_PREFIX_PATH=${CMAKE_PREFIX_PATH}:/opt/ros/jazzy /usr/bin/cmake --install /home/annguyen/claybot_ws/build/claybot_srvcli
[2.834s] -- Install configuration: ""
[2.835s] -- Installing: /home/annguyen/claybot_ws/install/claybot_srvcli/lib/claybot_srvcli/server
[2.835s] -- Set non-toolchain portion of runtime path of "/home/annguyen/claybot_ws/install/claybot_srvcli/lib/claybot_srvcli/server" to ""
[2.835s] -- Installing: /home/annguyen/claybot_ws/install/claybot_srvcli/lib/claybot_srvcli/client
[2.836s] -- Set non-toolchain portion of runtime path of "/home/annguyen/claybot_ws/install/claybot_srvcli/lib/claybot_srvcli/client" to ""
[2.836s] -- Installing: /home/annguyen/claybot_ws/install/claybot_srvcli/share/ament_index/resource_index/package_run_dependencies/claybot_srvcli
[2.836s] -- Installing: /home/annguyen/claybot_ws/install/claybot_srvcli/share/ament_index/resource_index/parent_prefix_path/claybot_srvcli
[2.836s] -- Installing: /home/annguyen/claybot_ws/install/claybot_srvcli/share/claybot_srvcli/environment/ament_prefix_path.sh
[2.836s] -- Installing: /home/annguyen/claybot_ws/install/claybot_srvcli/share/claybot_srvcli/environment/ament_prefix_path.dsv
[2.837s] -- Installing: /home/annguyen/claybot_ws/install/claybot_srvcli/share/claybot_srvcli/environment/path.sh
[2.837s] -- Installing: /home/annguyen/claybot_ws/install/claybot_srvcli/share/claybot_srvcli/environment/path.dsv
[2.837s] -- Installing: /home/annguyen/claybot_ws/install/claybot_srvcli/share/claybot_srvcli/local_setup.bash
[2.837s] -- Installing: /home/annguyen/claybot_ws/install/claybot_srvcli/share/claybot_srvcli/local_setup.sh
[2.837s] -- Installing: /home/annguyen/claybot_ws/install/claybot_srvcli/share/claybot_srvcli/local_setup.zsh
[2.837s] -- Installing: /home/annguyen/claybot_ws/install/claybot_srvcli/share/claybot_srvcli/local_setup.dsv
[2.837s] -- Installing: /home/annguyen/claybot_ws/install/claybot_srvcli/share/claybot_srvcli/package.dsv
[2.837s] -- Installing: /home/annguyen/claybot_ws/install/claybot_srvcli/share/ament_index/resource_index/packages/claybot_srvcli
[2.838s] -- Installing: /home/annguyen/claybot_ws/install/claybot_srvcli/share/claybot_srvcli/cmake/claybot_srvcliConfig.cmake
[2.838s] -- Installing: /home/annguyen/claybot_ws/install/claybot_srvcli/share/claybot_srvcli/cmake/claybot_srvcliConfig-version.cmake
[2.838s] -- Installing: /home/annguyen/claybot_ws/install/claybot_srvcli/share/claybot_srvcli/package.xml
[2.839s] Invoked command in '/home/annguyen/claybot_ws/build/claybot_srvcli' returned '0': CMAKE_PREFIX_PATH=${CMAKE_PREFIX_PATH}:/opt/ros/jazzy /usr/bin/cmake --install /home/annguyen/claybot_ws/build/claybot_srvcli
