[31mCMake Error at /opt/ros/jazzy/share/ament_cmake_cppcheck/cmake/ament_cmake_cppcheck_lint_hook.cmake:73 (string):
  string sub-command REGEX, mode MATCH failed to compile regex
  "^/home/annguyen/classes/c++/project-annguyen9461/ros2_ws/src/claybot_srvcli/.*".
Call Stack (most recent call first):
  /opt/ros/jazzy/share/ament_cmake_core/cmake/core/ament_execute_extensions.cmake:48 (include)
  /opt/ros/jazzy/share/ament_lint_auto/cmake/ament_lint_auto_package_hook.cmake:21 (ament_execute_extensions)
  /opt/ros/jazzy/share/ament_cmake_core/cmake/core/ament_execute_extensions.cmake:48 (include)
  /opt/ros/jazzy/share/ament_cmake_core/cmake/core/ament_package.cmake:66 (ament_execute_extensions)
  CMakeLists.txt:36 (ament_package)

[0m
[31mCMake Error at /opt/ros/jazzy/share/ament_cmake_cppcheck/cmake/ament_cmake_cppcheck_lint_hook.cmake:75 (string):
  string sub-command REGEX, mode MATCH failed to compile regex
  "^\$<.*:/home/annguyen/classes/c++/project-annguyen9461/ros2_ws/src/claybot_srvcli/.*>$".
Call Stack (most recent call first):
  /opt/ros/jazzy/share/ament_cmake_core/cmake/core/ament_execute_extensions.cmake:48 (include)
  /opt/ros/jazzy/share/ament_lint_auto/cmake/ament_lint_auto_package_hook.cmake:21 (ament_execute_extensions)
  /opt/ros/jazzy/share/ament_cmake_core/cmake/core/ament_execute_extensions.cmake:48 (include)
  /opt/ros/jazzy/share/ament_cmake_core/cmake/core/ament_package.cmake:66 (ament_execute_extensions)
  CMakeLists.txt:36 (ament_package)

[0m
[31mCMake Error at /opt/ros/jazzy/share/ament_cmake_cppcheck/cmake/ament_cmake_cppcheck_lint_hook.cmake:73 (string):
  string sub-command REGEX, mode MATCH failed to compile regex
  "^/home/annguyen/classes/c++/project-annguyen9461/ros2_ws/src/claybot_srvcli/.*".
Call Stack (most recent call first):
  /opt/ros/jazzy/share/ament_cmake_core/cmake/core/ament_execute_extensions.cmake:48 (include)
  /opt/ros/jazzy/share/ament_lint_auto/cmake/ament_lint_auto_package_hook.cmake:21 (ament_execute_extensions)
  /opt/ros/jazzy/share/ament_cmake_core/cmake/core/ament_execute_extensions.cmake:48 (include)
  /opt/ros/jazzy/share/ament_cmake_core/cmake/core/ament_package.cmake:66 (ament_execute_extensions)
  CMakeLists.txt:36 (ament_package)

[0m
[31mCMake Error at /opt/ros/jazzy/share/ament_cmake_cppcheck/cmake/ament_cmake_cppcheck_lint_hook.cmake:75 (string):
  string sub-command REGEX, mode MATCH failed to compile regex
  "^\$<.*:/home/annguyen/classes/c++/project-annguyen9461/ros2_ws/src/claybot_srvcli/.*>$".
Call Stack (most recent call first):
  /opt/ros/jazzy/share/ament_cmake_core/cmake/core/ament_execute_extensions.cmake:48 (include)
  /opt/ros/jazzy/share/ament_lint_auto/cmake/ament_lint_auto_package_hook.cmake:21 (ament_execute_extensions)
  /opt/ros/jazzy/share/ament_cmake_core/cmake/core/ament_execute_extensions.cmake:48 (include)
  /opt/ros/jazzy/share/ament_cmake_core/cmake/core/ament_package.cmake:66 (ament_execute_extensions)
  CMakeLists.txt:36 (ament_package)

[0m
[31mCMake Error at /opt/ros/jazzy/share/ament_cmake_cppcheck/cmake/ament_cmake_cppcheck_lint_hook.cmake:73 (string):
  string sub-command REGEX, mode MATCH failed to compile regex
  "^/home/annguyen/classes/c++/project-annguyen9461/ros2_ws/src/claybot_srvcli/.*".
Call Stack (most recent call first):
  /opt/ros/jazzy/share/ament_cmake_core/cmake/core/ament_execute_extensions.cmake:48 (include)
  /opt/ros/jazzy/share/ament_lint_auto/cmake/ament_lint_auto_package_hook.cmake:21 (ament_execute_extensions)
  /opt/ros/jazzy/share/ament_cmake_core/cmake/core/ament_execute_extensions.cmake:48 (include)
  /opt/ros/jazzy/share/ament_cmake_core/cmake/core/ament_package.cmake:66 (ament_execute_extensions)
  CMakeLists.txt:36 (ament_package)

[0m
[31mCMake Error at /opt/ros/jazzy/share/ament_cmake_cppcheck/cmake/ament_cmake_cppcheck_lint_hook.cmake:75 (string):
  string sub-command REGEX, mode MATCH failed to compile regex
  "^\$<.*:/home/annguyen/classes/c++/project-annguyen9461/ros2_ws/src/claybot_srvcli/.*>$".
Call Stack (most recent call first):
  /opt/ros/jazzy/share/ament_cmake_core/cmake/core/ament_execute_extensions.cmake:48 (include)
  /opt/ros/jazzy/share/ament_lint_auto/cmake/ament_lint_auto_package_hook.cmake:21 (ament_execute_extensions)
  /opt/ros/jazzy/share/ament_cmake_core/cmake/core/ament_execute_extensions.cmake:48 (include)
  /opt/ros/jazzy/share/ament_cmake_core/cmake/core/ament_package.cmake:66 (ament_execute_extensions)
  CMakeLists.txt:36 (ament_package)

[0m
[31mCMake Error at /opt/ros/jazzy/share/ament_cmake_cppcheck/cmake/ament_cmake_cppcheck_lint_hook.cmake:73 (string):
  string sub-command REGEX, mode MATCH failed to compile regex
  "^/home/annguyen/classes/c++/project-annguyen9461/ros2_ws/src/claybot_srvcli/.*".
Call Stack (most recent call first):
  /opt/ros/jazzy/share/ament_cmake_core/cmake/core/ament_execute_extensions.cmake:48 (include)
  /opt/ros/jazzy/share/ament_lint_auto/cmake/ament_lint_auto_package_hook.cmake:21 (ament_execute_extensions)
  /opt/ros/jazzy/share/ament_cmake_core/cmake/core/ament_execute_extensions.cmake:48 (include)
  /opt/ros/jazzy/share/ament_cmake_core/cmake/core/ament_package.cmake:66 (ament_execute_extensions)
  CMakeLists.txt:36 (ament_package)

[0m
[31mCMake Error at /opt/ros/jazzy/share/ament_cmake_cppcheck/cmake/ament_cmake_cppcheck_lint_hook.cmake:75 (string):
  string sub-command REGEX, mode MATCH failed to compile regex
  "^\$<.*:/home/annguyen/classes/c++/project-annguyen9461/ros2_ws/src/claybot_srvcli/.*>$".
Call Stack (most recent call first):
  /opt/ros/jazzy/share/ament_cmake_core/cmake/core/ament_execute_extensions.cmake:48 (include)
  /opt/ros/jazzy/share/ament_lint_auto/cmake/ament_lint_auto_package_hook.cmake:21 (ament_execute_extensions)
  /opt/ros/jazzy/share/ament_cmake_core/cmake/core/ament_execute_extensions.cmake:48 (include)
  /opt/ros/jazzy/share/ament_cmake_core/cmake/core/ament_package.cmake:66 (ament_execute_extensions)
  CMakeLists.txt:36 (ament_package)

[0m
[31mCMake Error at /opt/ros/jazzy/share/ament_cmake_cppcheck/cmake/ament_cmake_cppcheck_lint_hook.cmake:73 (string):
  string sub-command REGEX, mode MATCH failed to compile regex
  "^/home/annguyen/classes/c++/project-annguyen9461/ros2_ws/src/claybot_srvcli/.*".
Call Stack (most recent call first):
  /opt/ros/jazzy/share/ament_cmake_core/cmake/core/ament_execute_extensions.cmake:48 (include)
  /opt/ros/jazzy/share/ament_lint_auto/cmake/ament_lint_auto_package_hook.cmake:21 (ament_execute_extensions)
  /opt/ros/jazzy/share/ament_cmake_core/cmake/core/ament_execute_extensions.cmake:48 (include)
  /opt/ros/jazzy/share/ament_cmake_core/cmake/core/ament_package.cmake:66 (ament_execute_extensions)
  CMakeLists.txt:36 (ament_package)

[0m
[31mCMake Error at /opt/ros/jazzy/share/ament_cmake_cppcheck/cmake/ament_cmake_cppcheck_lint_hook.cmake:75 (string):
  string sub-command REGEX, mode MATCH failed to compile regex
  "^\$<.*:/home/annguyen/classes/c++/project-annguyen9461/ros2_ws/src/claybot_srvcli/.*>$".
Call Stack (most recent call first):
  /opt/ros/jazzy/share/ament_cmake_core/cmake/core/ament_execute_extensions.cmake:48 (include)
  /opt/ros/jazzy/share/ament_lint_auto/cmake/ament_lint_auto_package_hook.cmake:21 (ament_execute_extensions)
  /opt/ros/jazzy/share/ament_cmake_core/cmake/core/ament_execute_extensions.cmake:48 (include)
  /opt/ros/jazzy/share/ament_cmake_core/cmake/core/ament_package.cmake:66 (ament_execute_extensions)
  CMakeLists.txt:36 (ament_package)

[0m
[31mCMake Error at /opt/ros/jazzy/share/ament_cmake_cppcheck/cmake/ament_cmake_cppcheck_lint_hook.cmake:73 (string):
  string sub-command REGEX, mode MATCH failed to compile regex
  "^/home/annguyen/classes/c++/project-annguyen9461/ros2_ws/src/claybot_srvcli/.*".
Call Stack (most recent call first):
  /opt/ros/jazzy/share/ament_cmake_core/cmake/core/ament_execute_extensions.cmake:48 (include)
  /opt/ros/jazzy/share/ament_lint_auto/cmake/ament_lint_auto_package_hook.cmake:21 (ament_execute_extensions)
  /opt/ros/jazzy/share/ament_cmake_core/cmake/core/ament_execute_extensions.cmake:48 (include)
  /opt/ros/jazzy/share/ament_cmake_core/cmake/core/ament_package.cmake:66 (ament_execute_extensions)
  CMakeLists.txt:36 (ament_package)

[0m
[31mCMake Error at /opt/ros/jazzy/share/ament_cmake_cppcheck/cmake/ament_cmake_cppcheck_lint_hook.cmake:75 (string):
  string sub-command REGEX, mode MATCH failed to compile regex
  "^\$<.*:/home/annguyen/classes/c++/project-annguyen9461/ros2_ws/src/claybot_srvcli/.*>$".
Call Stack (most recent call first):
  /opt/ros/jazzy/share/ament_cmake_core/cmake/core/ament_execute_extensions.cmake:48 (include)
  /opt/ros/jazzy/share/ament_lint_auto/cmake/ament_lint_auto_package_hook.cmake:21 (ament_execute_extensions)
  /opt/ros/jazzy/share/ament_cmake_core/cmake/core/ament_execute_extensions.cmake:48 (include)
  /opt/ros/jazzy/share/ament_cmake_core/cmake/core/ament_package.cmake:66 (ament_execute_extensions)
  CMakeLists.txt:36 (ament_package)

[0m
