[0.005s] Invoking command in '/home/annguyen/classes/c++/project-annguyen9461/ros2_ws/src/build/claybot_srvcli': CMAKE_PREFIX_PATH=${CMAKE_PREFIX_PATH}:/opt/ros/jazzy /usr/bin/cmake /home/annguyen/classes/c++/project-annguyen9461/ros2_ws/src/claybot_srvcli -DCMAKE_INSTALL_PREFIX=/home/annguyen/classes/c++/project-annguyen9461/ros2_ws/src/install/claybot_srvcli
[0.043s] -- The C compiler identification is GNU 13.2.0
[0.084s] -- The CXX compiler identification is GNU 13.2.0
[0.102s] -- Detecting C compiler ABI info
[0.218s] -- Detecting C compiler ABI info - done
[0.232s] -- Check for working C compiler: /usr/bin/cc - skipped
[0.232s] -- Detecting C compile features
[0.232s] -- Detecting C compile features - done
[0.245s] -- Detecting CXX compiler ABI info
[0.346s] -- Detecting CXX compiler ABI info - done
[0.353s] -- Check for working CXX compiler: /usr/bin/c++ - skipped
[0.353s] -- Detecting CXX compile features
[0.353s] -- Detecting CXX compile features - done
[0.355s] -- Found ament_cmake: 2.5.2 (/opt/ros/jazzy/share/ament_cmake/cmake)
[0.446s] -- Found Python3: /usr/bin/python3 (found version "3.12.3") found components: Interpreter 
[0.513s] -- Found rclcpp: 28.1.5 (/opt/ros/jazzy/share/rclcpp/cmake)
[0.539s] -- Found rosidl_generator_c: 4.6.4 (/opt/ros/jazzy/share/rosidl_generator_c/cmake)
[0.548s] -- Found rosidl_generator_cpp: 4.6.4 (/opt/ros/jazzy/share/rosidl_generator_cpp/cmake)
[0.557s] -- Using all available rosidl_typesupport_c: rosidl_typesupport_fastrtps_c;rosidl_typesupport_introspection_c
[0.568s] -- Using all available rosidl_typesupport_cpp: rosidl_typesupport_fastrtps_cpp;rosidl_typesupport_introspection_cpp
[0.613s] -- Found rmw_implementation_cmake: 7.3.1 (/opt/ros/jazzy/share/rmw_implementation_cmake/cmake)
[0.615s] -- Found rmw_fastrtps_cpp: 8.4.1 (/opt/ros/jazzy/share/rmw_fastrtps_cpp/cmake)
[0.691s] -- Found OpenSSL: /usr/lib/x86_64-linux-gnu/libcrypto.so (found version "3.0.13")  
[0.708s] -- Found FastRTPS: /opt/ros/jazzy/include (Required is at least version "2.13") 
[0.725s] -- Using RMW implementation 'rmw_fastrtps_cpp' as default
[0.769s] -- Found example_interfaces: 0.12.0 (/opt/ros/jazzy/share/example_interfaces/cmake)
[0.801s] -- Found ament_lint_auto: 0.17.1 (/opt/ros/jazzy/share/ament_lint_auto/cmake)
[0.867s] [31mCMake Error at /opt/ros/jazzy/share/ament_cmake_cppcheck/cmake/ament_cmake_cppcheck_lint_hook.cmake:73 (string):
[0.867s]   string sub-command REGEX, mode MATCH failed to compile regex
[0.867s]   "^/home/annguyen/classes/c++/project-annguyen9461/ros2_ws/src/claybot_srvcli/.*".
[0.867s] Call Stack (most recent call first):
[0.867s]   /opt/ros/jazzy/share/ament_cmake_core/cmake/core/ament_execute_extensions.cmake:48 (include)
[0.867s]   /opt/ros/jazzy/share/ament_lint_auto/cmake/ament_lint_auto_package_hook.cmake:21 (ament_execute_extensions)
[0.867s]   /opt/ros/jazzy/share/ament_cmake_core/cmake/core/ament_execute_extensions.cmake:48 (include)
[0.867s]   /opt/ros/jazzy/share/ament_cmake_core/cmake/core/ament_package.cmake:66 (ament_execute_extensions)
[0.867s]   CMakeLists.txt:36 (ament_package)
[0.867s] 
[0.867s] [0m
[0.867s] [31mCMake Error at /opt/ros/jazzy/share/ament_cmake_cppcheck/cmake/ament_cmake_cppcheck_lint_hook.cmake:75 (string):
[0.867s]   string sub-command REGEX, mode MATCH failed to compile regex
[0.867s]   "^\$<.*:/home/annguyen/classes/c++/project-annguyen9461/ros2_ws/src/claybot_srvcli/.*>$".
[0.867s] Call Stack (most recent call first):
[0.867s]   /opt/ros/jazzy/share/ament_cmake_core/cmake/core/ament_execute_extensions.cmake:48 (include)
[0.867s]   /opt/ros/jazzy/share/ament_lint_auto/cmake/ament_lint_auto_package_hook.cmake:21 (ament_execute_extensions)
[0.867s]   /opt/ros/jazzy/share/ament_cmake_core/cmake/core/ament_execute_extensions.cmake:48 (include)
[0.867s]   /opt/ros/jazzy/share/ament_cmake_core/cmake/core/ament_package.cmake:66 (ament_execute_extensions)
[0.867s]   CMakeLists.txt:36 (ament_package)
[0.867s] 
[0.867s] [0m
[0.868s] [31mCMake Error at /opt/ros/jazzy/share/ament_cmake_cppcheck/cmake/ament_cmake_cppcheck_lint_hook.cmake:73 (string):
[0.868s]   string sub-command REGEX, mode MATCH failed to compile regex
[0.868s]   "^/home/annguyen/classes/c++/project-annguyen9461/ros2_ws/src/claybot_srvcli/.*".
[0.868s] Call Stack (most recent call first):
[0.868s]   /opt/ros/jazzy/share/ament_cmake_core/cmake/core/ament_execute_extensions.cmake:48 (include)
[0.868s]   /opt/ros/jazzy/share/ament_lint_auto/cmake/ament_lint_auto_package_hook.cmake:21 (ament_execute_extensions)
[0.868s]   /opt/ros/jazzy/share/ament_cmake_core/cmake/core/ament_execute_extensions.cmake:48 (include)
[0.879s] -- Added test 'cppcheck' to perform static code analysis on C / C++ code
[0.879s] RegularExpression::compile(): Nested *?+.
[0.879s] RegularExpression::compile(): Error in compile.
[0.879s] RegularExpression::compile(): Nested *?+.
[0.879s] RegularExpression::compile(): Error in compile.
[0.879s] RegularExpression::compile(): Nested *?+.
[0.879s] RegularExpression::compile(): Error in compile.
[0.879s] RegularExpression::compile(): Nested *?+.
[0.880s] RegularExpression::compile(): Error in compile.
[0.880s] RegularExpression::compile(): Nested *?+.
[0.880s] RegularExpression::compile(): Error in compile.
[0.880s] RegularExpression::compile(): Nested *?+.
[0.880s] RegularExpression::compile(): Error in compile.
[0.880s] RegularExpression::compile(): Nested *?+.
[0.880s] RegularExpression::compile(): Error in compile.
[0.880s] RegularExpression::compile(): Nested *?+.
[0.880s] RegularExpression::compile(): Error in compile.
[0.880s] RegularExpression::compile(): Nested *?+.
[0.880s] RegularExpression::compile(): Error in compile.
[0.880s] RegularExpression::compile(): Nested *?+.
[0.880s] RegularExpression::compile(): Error in compile.
[0.880s] RegularExpression::compile(): Nested *?+.
[0.880s] RegularExpression::compile(): Error in compile.
[0.880s] RegularExpression::compile(): Nested *?+.
[0.880s] RegularExpression::compile(): Error in compile.
[0.880s] -- Configured cppcheck include dirs: 
[0.880s] -- Configured cppcheck exclude dirs and/or files: 
[0.880s] -- Added test 'lint_cmake' to check CMake code style
[0.880s] -- Added test 'uncrustify' to check C / C++ code style
[0.880s] -- Configured uncrustify additional arguments: 
[0.880s]   /opt/ros/jazzy/share/ament_cmake_core/cmake/core/ament_package.cmake:66 (ament_execute_extensions)
[0.880s]   CMakeLists.txt:36 (ament_package)
[0.880s] 
[0.880s] [0m
[0.880s] [31mCMake Error at /opt/ros/jazzy/share/ament_cmake_cppcheck/cmake/ament_cmake_cppcheck_lint_hook.cmake:75 (string):
[0.880s]   string sub-command REGEX, mode MATCH failed to compile regex
[0.880s]   "^\$<.*:/home/annguyen/classes/c++/project-annguyen9461/ros2_ws/src/claybot_srvcli/.*>$".
[0.881s] Call Stack (most recent call first):
[0.881s]   /opt/ros/jazzy/share/ament_cmake_core/cmake/core/ament_execute_extensions.cmake:48 (include)
[0.881s]   /opt/ros/jazzy/share/ament_lint_auto/cmake/ament_lint_auto_package_hook.cmake:21 (ament_execute_extensions)
[0.881s]   /opt/ros/jazzy/share/ament_cmake_core/cmake/core/ament_execute_extensions.cmake:48 (include)
[0.881s]   /opt/ros/jazzy/share/ament_cmake_core/cmake/core/ament_package.cmake:66 (ament_execute_extensions)
[0.881s]   CMakeLists.txt:36 (ament_package)
[0.881s] 
[0.881s] [0m
[0.881s] [31mCMake Error at /opt/ros/jazzy/share/ament_cmake_cppcheck/cmake/ament_cmake_cppcheck_lint_hook.cmake:73 (string):
[0.881s]   string sub-command REGEX, mode MATCH failed to compile regex
[0.881s]   "^/home/annguyen/classes/c++/project-annguyen9461/ros2_ws/src/claybot_srvcli/.*".
[0.881s] Call Stack (most recent call first):
[0.881s]   /opt/ros/jazzy/share/ament_cmake_core/cmake/core/ament_execute_extensions.cmake:48 (include)
[0.881s]   /opt/ros/jazzy/share/ament_lint_auto/cmake/ament_lint_auto_package_hook.cmake:21 (ament_execute_extensions)
[0.881s]   /opt/ros/jazzy/share/ament_cmake_core/cmake/core/ament_execute_extensions.cmake:48 (include)
[0.881s]   /opt/ros/jazzy/share/ament_cmake_core/cmake/core/ament_package.cmake:66 (ament_execute_extensions)
[0.881s]   CMakeLists.txt:36 (ament_package)
[0.881s] 
[0.881s] [0m
[0.881s] [31mCMake Error at /opt/ros/jazzy/share/ament_cmake_cppcheck/cmake/ament_cmake_cppcheck_lint_hook.cmake:75 (string):
[0.881s]   string sub-command REGEX, mode MATCH failed to compile regex
[0.881s]   "^\$<.*:/home/annguyen/classes/c++/project-annguyen9461/ros2_ws/src/claybot_srvcli/.*>$".
[0.881s] Call Stack (most recent call first):
[0.881s]   /opt/ros/jazzy/share/ament_cmake_core/cmake/core/ament_execute_extensions.cmake:48 (include)
[0.881s]   /opt/ros/jazzy/share/ament_lint_auto/cmake/ament_lint_auto_package_hook.cmake:21 (ament_execute_extensions)
[0.881s]   /opt/ros/jazzy/share/ament_cmake_core/cmake/core/ament_execute_extensions.cmake:48 (include)
[0.882s]   /opt/ros/jazzy/share/ament_cmake_core/cmake/core/ament_package.cmake:66 (ament_execute_extensions)
[0.882s]   CMakeLists.txt:36 (ament_package)
[0.882s] 
[0.882s] [0m
[0.882s] [31mCMake Error at /opt/ros/jazzy/share/ament_cmake_cppcheck/cmake/ament_cmake_cppcheck_lint_hook.cmake:73 (string):
[0.882s]   string sub-command REGEX, mode MATCH failed to compile regex
[0.882s]   "^/home/annguyen/classes/c++/project-annguyen9461/ros2_ws/src/claybot_srvcli/.*".
[0.882s] Call Stack (most recent call first):
[0.882s]   /opt/ros/jazzy/share/ament_cmake_core/cmake/core/ament_execute_extensions.cmake:48 (include)
[0.882s]   /opt/ros/jazzy/share/ament_lint_auto/cmake/ament_lint_auto_package_hook.cmake:21 (ament_execute_extensions)
[0.882s]   /opt/ros/jazzy/share/ament_cmake_core/cmake/core/ament_execute_extensions.cmake:48 (include)
[0.882s]   /opt/ros/jazzy/share/ament_cmake_core/cmake/core/ament_package.cmake:66 (ament_execute_extensions)
[0.882s]   CMakeLists.txt:36 (ament_package)
[0.882s] 
[0.882s] [0m
[0.882s] [31mCMake Error at /opt/ros/jazzy/share/ament_cmake_cppcheck/cmake/ament_cmake_cppcheck_lint_hook.cmake:75 (string):
[0.882s]   string sub-command REGEX, mode MATCH failed to compile regex
[0.882s]   "^\$<.*:/home/annguyen/classes/c++/project-annguyen9461/ros2_ws/src/claybot_srvcli/.*>$".
[0.882s] Call Stack (most recent call first):
[0.883s]   /opt/ros/jazzy/share/ament_cmake_core/cmake/core/ament_execute_extensions.cmake:48 (include)
[0.883s]   /opt/ros/jazzy/share/ament_lint_auto/cmake/ament_lint_auto_package_hook.cmake:21 (ament_execute_extensions)
[0.883s]   /opt/ros/jazzy/share/ament_cmake_core/cmake/core/ament_execute_extensions.cmake:48 (include)
[0.883s]   /opt/ros/jazzy/share/ament_cmake_core/cmake/core/ament_package.cmake:66 (ament_execute_extensions)
[0.883s]   CMakeLists.txt:36 (ament_package)
[0.883s] 
[0.883s] [0m
[0.883s] [31mCMake Error at /opt/ros/jazzy/share/ament_cmake_cppcheck/cmake/ament_cmake_cppcheck_lint_hook.cmake:73 (string):
[0.883s]   string sub-command REGEX, mode MATCH failed to compile regex
[0.883s]   "^/home/annguyen/classes/c++/project-annguyen9461/ros2_ws/src/claybot_srvcli/.*".
[0.883s] Call Stack (most recent call first):
[0.883s]   /opt/ros/jazzy/share/ament_cmake_core/cmake/core/ament_execute_extensions.cmake:48 (include)
[0.883s]   /opt/ros/jazzy/share/ament_lint_auto/cmake/ament_lint_auto_package_hook.cmake:21 (ament_execute_extensions)
[0.883s]   /opt/ros/jazzy/share/ament_cmake_core/cmake/core/ament_execute_extensions.cmake:48 (include)
[0.883s]   /opt/ros/jazzy/share/ament_cmake_core/cmake/core/ament_package.cmake:66 (ament_execute_extensions)
[0.883s]   CMakeLists.txt:36 (ament_package)
[0.883s] 
[0.883s] [0m
[0.883s] [31mCMake Error at /opt/ros/jazzy/share/ament_cmake_cppcheck/cmake/ament_cmake_cppcheck_lint_hook.cmake:75 (string):
[0.884s]   string sub-command REGEX, mode MATCH failed to compile regex
[0.884s]   "^\$<.*:/home/annguyen/classes/c++/project-annguyen9461/ros2_ws/src/claybot_srvcli/.*>$".
[0.884s] Call Stack (most recent call first):
[0.884s]   /opt/ros/jazzy/share/ament_cmake_core/cmake/core/ament_execute_extensions.cmake:48 (include)
[0.884s]   /opt/ros/jazzy/share/ament_lint_auto/cmake/ament_lint_auto_package_hook.cmake:21 (ament_execute_extensions)
[0.884s]   /opt/ros/jazzy/share/ament_cmake_core/cmake/core/ament_execute_extensions.cmake:48 (include)
[0.884s]   /opt/ros/jazzy/share/ament_cmake_core/cmake/core/ament_package.cmake:66 (ament_execute_extensions)
[0.884s]   CMakeLists.txt:36 (ament_package)
[0.884s] 
[0.884s] [0m
[0.884s] [31mCMake Error at /opt/ros/jazzy/share/ament_cmake_cppcheck/cmake/ament_cmake_cppcheck_lint_hook.cmake:73 (string):
[0.884s]   string sub-command REGEX, mode MATCH failed to compile regex
[0.884s]   "^/home/annguyen/classes/c++/project-annguyen9461/ros2_ws/src/claybot_srvcli/.*".
[0.884s] Call Stack (most recent call first):
[0.884s]   /opt/ros/jazzy/share/ament_cmake_core/cmake/core/ament_execute_extensions.cmake:48 (include)
[0.884s]   /opt/ros/jazzy/share/ament_lint_auto/cmake/ament_lint_auto_package_hook.cmake:21 (ament_execute_extensions)
[0.884s]   /opt/ros/jazzy/share/ament_cmake_core/cmake/core/ament_execute_extensions.cmake:48 (include)
[0.884s]   /opt/ros/jazzy/share/ament_cmake_core/cmake/core/ament_package.cmake:66 (ament_execute_extensions)
[0.884s]   CMakeLists.txt:36 (ament_package)
[0.884s] 
[0.884s] [0m
[0.884s] [31mCMake Error at /opt/ros/jazzy/share/ament_cmake_cppcheck/cmake/ament_cmake_cppcheck_lint_hook.cmake:75 (string):
[0.884s]   string sub-command REGEX, mode MATCH failed to compile regex
[0.884s]   "^\$<.*:/home/annguyen/classes/c++/project-annguyen9461/ros2_ws/src/claybot_srvcli/.*>$".
[0.884s] Call Stack (most recent call first):
[0.884s]   /opt/ros/jazzy/share/ament_cmake_core/cmake/core/ament_execute_extensions.cmake:48 (include)
[0.884s]   /opt/ros/jazzy/share/ament_lint_auto/cmake/ament_lint_auto_package_hook.cmake:21 (ament_execute_extensions)
[0.884s]   /opt/ros/jazzy/share/ament_cmake_core/cmake/core/ament_execute_extensions.cmake:48 (include)
[0.884s]   /opt/ros/jazzy/share/ament_cmake_core/cmake/core/ament_package.cmake:66 (ament_execute_extensions)
[0.884s]   CMakeLists.txt:36 (ament_package)
[0.884s] 
[0.884s] [0m
[0.884s] -- Added test 'xmllint' to check XML markup files
[0.884s] -- Configuring incomplete, errors occurred!
[0.885s] Invoked command in '/home/annguyen/classes/c++/project-annguyen9461/ros2_ws/src/build/claybot_srvcli' returned '1': CMAKE_PREFIX_PATH=${CMAKE_PREFIX_PATH}:/opt/ros/jazzy /usr/bin/cmake /home/annguyen/classes/c++/project-annguyen9461/ros2_ws/src/claybot_srvcli -DCMAKE_INSTALL_PREFIX=/home/annguyen/classes/c++/project-annguyen9461/ros2_ws/src/install/claybot_srvcli
