-- Found ament_cmake: 2.5.2 (/opt/ros/jazzy/share/ament_cmake/cmake)
-- Found rclcpp: 28.1.5 (/opt/ros/jazzy/share/rclcpp/cmake)
-- Found rosidl_generator_c: 4.6.4 (/opt/ros/jazzy/share/rosidl_generator_c/cmake)
-- Found rosidl_generator_cpp: 4.6.4 (/opt/ros/jazzy/share/rosidl_generator_cpp/cmake)
-- Using all available rosidl_typesupport_c: rosidl_typesupport_fastrtps_c;rosidl_typesupport_introspection_c
-- Using all available rosidl_typesupport_cpp: rosidl_typesupport_fastrtps_cpp;rosidl_typesupport_introspection_cpp
-- Found rmw_implementation_cmake: 7.3.1 (/opt/ros/jazzy/share/rmw_implementation_cmake/cmake)
-- Found rmw_fastrtps_cpp: 8.4.1 (/opt/ros/jazzy/share/rmw_fastrtps_cpp/cmake)
-- Found OpenSSL: /usr/lib/x86_64-linux-gnu/libcrypto.so (found version "3.0.13")  
-- Found FastRTPS: /opt/ros/jazzy/include (Required is at least version "2.13") 
-- Using RMW implementation 'rmw_fastrtps_cpp' as default
-- Found std_msgs: 5.3.5 (/opt/ros/jazzy/share/std_msgs/cmake)
-- Found ament_lint_auto: 0.17.1 (/opt/ros/jazzy/share/ament_lint_auto/cmake)
-- Added test 'cppcheck' to perform static code analysis on C / C++ code
-- Configured cppcheck include dirs: $<BUILD_INTERFACE:/home/annguyen/claybot_ws/src/claybot/include>
-- Configured cppcheck exclude dirs and/or files: 
-- Added test 'lint_cmake' to check CMake code style
-- Added test 'uncrustify' to check C / C++ code style
-- Configured uncrustify additional arguments: 
-- Added test 'xmllint' to check XML markup files
-- Configuring done (0.5s)
-- Generating done (0.0s)
-- Build files have been written to: /home/annguyen/claybot_ws/build/claybot
[ 16%] [32mBuilding CXX object CMakeFiles/vision.dir/src/vision.cpp.o[0m
[ 33%] [32mBuilding CXX object CMakeFiles/listener.dir/src/subscriber_lambda_function.cpp.o[0m
[ 50%] [32mBuilding CXX object CMakeFiles/talker.dir/src/publisher_lambda_function.cpp.o[0m
[ 66%] [32m[1mLinking CXX executable vision[0m
[ 66%] Built target vision
[ 83%] [32m[1mLinking CXX executable talker[0m
[ 83%] Built target talker
[100%] [32m[1mLinking CXX executable listener[0m
[100%] Built target listener
-- Install configuration: ""
-- Installing: /home/annguyen/claybot_ws/install/claybot/lib/claybot/vision
-- Set non-toolchain portion of runtime path of "/home/annguyen/claybot_ws/install/claybot/lib/claybot/vision" to ""
-- Installing: /home/annguyen/claybot_ws/install/claybot/lib/claybot/listener
-- Set non-toolchain portion of runtime path of "/home/annguyen/claybot_ws/install/claybot/lib/claybot/listener" to ""
-- Installing: /home/annguyen/claybot_ws/install/claybot/lib/claybot/talker
-- Set non-toolchain portion of runtime path of "/home/annguyen/claybot_ws/install/claybot/lib/claybot/talker" to ""
-- Up-to-date: /home/annguyen/claybot_ws/install/claybot/share/ament_index/resource_index/package_run_dependencies/claybot
-- Installing: /home/annguyen/claybot_ws/install/claybot/share/ament_index/resource_index/parent_prefix_path/claybot
-- Up-to-date: /home/annguyen/claybot_ws/install/claybot/share/claybot/environment/ament_prefix_path.sh
-- Up-to-date: /home/annguyen/claybot_ws/install/claybot/share/claybot/environment/ament_prefix_path.dsv
-- Up-to-date: /home/annguyen/claybot_ws/install/claybot/share/claybot/environment/path.sh
-- Up-to-date: /home/annguyen/claybot_ws/install/claybot/share/claybot/environment/path.dsv
-- Up-to-date: /home/annguyen/claybot_ws/install/claybot/share/claybot/local_setup.bash
-- Up-to-date: /home/annguyen/claybot_ws/install/claybot/share/claybot/local_setup.sh
-- Up-to-date: /home/annguyen/claybot_ws/install/claybot/share/claybot/local_setup.zsh
-- Up-to-date: /home/annguyen/claybot_ws/install/claybot/share/claybot/local_setup.dsv
-- Up-to-date: /home/annguyen/claybot_ws/install/claybot/share/claybot/package.dsv
-- Up-to-date: /home/annguyen/claybot_ws/install/claybot/share/ament_index/resource_index/packages/claybot
-- Up-to-date: /home/annguyen/claybot_ws/install/claybot/share/claybot/cmake/claybotConfig.cmake
-- Up-to-date: /home/annguyen/claybot_ws/install/claybot/share/claybot/cmake/claybotConfig-version.cmake
-- Up-to-date: /home/annguyen/claybot_ws/install/claybot/share/claybot/package.xml
