[0.006s] Invoking command in '/home/annguyen/claybot_ws/build/claybot': CMAKE_PREFIX_PATH=${CMAKE_PREFIX_PATH}:/opt/ros/jazzy /usr/bin/cmake --build /home/annguyen/claybot_ws/build/claybot -- -j32 -l32
[0.025s] -- Found ament_cmake: 2.5.2 (/opt/ros/jazzy/share/ament_cmake/cmake)
[0.180s] -- Found rclcpp: 28.1.5 (/opt/ros/jazzy/share/rclcpp/cmake)
[0.205s] -- Found rosidl_generator_c: 4.6.4 (/opt/ros/jazzy/share/rosidl_generator_c/cmake)
[0.213s] -- Found rosidl_generator_cpp: 4.6.4 (/opt/ros/jazzy/share/rosidl_generator_cpp/cmake)
[0.223s] -- Using all available rosidl_typesupport_c: rosidl_typesupport_fastrtps_c;rosidl_typesupport_introspection_c
[0.233s] -- Using all available rosidl_typesupport_cpp: rosidl_typesupport_fastrtps_cpp;rosidl_typesupport_introspection_cpp
[0.276s] -- Found rmw_implementation_cmake: 7.3.1 (/opt/ros/jazzy/share/rmw_implementation_cmake/cmake)
[0.278s] -- Found rmw_fastrtps_cpp: 8.4.1 (/opt/ros/jazzy/share/rmw_fastrtps_cpp/cmake)
[0.352s] -- Found OpenSSL: /usr/lib/x86_64-linux-gnu/libcrypto.so (found version "3.0.13")  
[0.374s] -- Found FastRTPS: /opt/ros/jazzy/include (Required is at least version "2.13") 
[0.391s] -- Using RMW implementation 'rmw_fastrtps_cpp' as default
[0.436s] -- Found std_msgs: 5.3.5 (/opt/ros/jazzy/share/std_msgs/cmake)
[0.444s] -- Found ament_lint_auto: 0.17.1 (/opt/ros/jazzy/share/ament_lint_auto/cmake)
[0.487s] -- Added test 'cppcheck' to perform static code analysis on C / C++ code
[0.487s] -- Configured cppcheck include dirs: $<BUILD_INTERFACE:/home/annguyen/claybot_ws/src/claybot/include>
[0.487s] -- Configured cppcheck exclude dirs and/or files: 
[0.487s] -- Added test 'lint_cmake' to check CMake code style
[0.488s] -- Added test 'uncrustify' to check C / C++ code style
[0.488s] -- Configured uncrustify additional arguments: 
[0.488s] -- Added test 'xmllint' to check XML markup files
[0.488s] -- Configuring done (0.5s)
[0.495s] -- Generating done (0.0s)
[0.496s] -- Build files have been written to: /home/annguyen/claybot_ws/build/claybot
[0.526s] [ 16%] [32mBuilding CXX object CMakeFiles/vision.dir/src/vision.cpp.o[0m
[0.529s] [ 33%] [32mBuilding CXX object CMakeFiles/listener.dir/src/subscriber_lambda_function.cpp.o[0m
[0.531s] [ 50%] [32mBuilding CXX object CMakeFiles/talker.dir/src/publisher_lambda_function.cpp.o[0m
[0.546s] [ 66%] [32m[1mLinking CXX executable vision[0m
[0.592s] [ 66%] Built target vision
[2.577s] [ 83%] [32m[1mLinking CXX executable talker[0m
[2.664s] [ 83%] Built target talker
[4.090s] [100%] [32m[1mLinking CXX executable listener[0m
[4.213s] [100%] Built target listener
[4.221s] Invoked command in '/home/annguyen/claybot_ws/build/claybot' returned '0': CMAKE_PREFIX_PATH=${CMAKE_PREFIX_PATH}:/opt/ros/jazzy /usr/bin/cmake --build /home/annguyen/claybot_ws/build/claybot -- -j32 -l32
[4.271s] Invoking command in '/home/annguyen/claybot_ws/build/claybot': CMAKE_PREFIX_PATH=${CMAKE_PREFIX_PATH}:/opt/ros/jazzy /usr/bin/cmake --install /home/annguyen/claybot_ws/build/claybot
[4.279s] -- Install configuration: ""
[4.279s] -- Installing: /home/annguyen/claybot_ws/install/claybot/lib/claybot/vision
[4.279s] -- Set non-toolchain portion of runtime path of "/home/annguyen/claybot_ws/install/claybot/lib/claybot/vision" to ""
[4.279s] -- Installing: /home/annguyen/claybot_ws/install/claybot/lib/claybot/listener
[4.281s] -- Set non-toolchain portion of runtime path of "/home/annguyen/claybot_ws/install/claybot/lib/claybot/listener" to ""
[4.281s] -- Installing: /home/annguyen/claybot_ws/install/claybot/lib/claybot/talker
[4.281s] -- Set non-toolchain portion of runtime path of "/home/annguyen/claybot_ws/install/claybot/lib/claybot/talker" to ""
[4.281s] -- Up-to-date: /home/annguyen/claybot_ws/install/claybot/share/ament_index/resource_index/package_run_dependencies/claybot
[4.281s] -- Installing: /home/annguyen/claybot_ws/install/claybot/share/ament_index/resource_index/parent_prefix_path/claybot
[4.281s] -- Up-to-date: /home/annguyen/claybot_ws/install/claybot/share/claybot/environment/ament_prefix_path.sh
[4.282s] -- Up-to-date: /home/annguyen/claybot_ws/install/claybot/share/claybot/environment/ament_prefix_path.dsv
[4.282s] -- Up-to-date: /home/annguyen/claybot_ws/install/claybot/share/claybot/environment/path.sh
[4.282s] -- Up-to-date: /home/annguyen/claybot_ws/install/claybot/share/claybot/environment/path.dsv
[4.282s] -- Up-to-date: /home/annguyen/claybot_ws/install/claybot/share/claybot/local_setup.bash
[4.282s] -- Up-to-date: /home/annguyen/claybot_ws/install/claybot/share/claybot/local_setup.sh
[4.282s] -- Up-to-date: /home/annguyen/claybot_ws/install/claybot/share/claybot/local_setup.zsh
[4.282s] -- Up-to-date: /home/annguyen/claybot_ws/install/claybot/share/claybot/local_setup.dsv
[4.282s] -- Up-to-date: /home/annguyen/claybot_ws/install/claybot/share/claybot/package.dsv
[4.282s] -- Up-to-date: /home/annguyen/claybot_ws/install/claybot/share/ament_index/resource_index/packages/claybot
[4.282s] -- Up-to-date: /home/annguyen/claybot_ws/install/claybot/share/claybot/cmake/claybotConfig.cmake
[4.282s] -- Up-to-date: /home/annguyen/claybot_ws/install/claybot/share/claybot/cmake/claybotConfig-version.cmake
[4.282s] -- Up-to-date: /home/annguyen/claybot_ws/install/claybot/share/claybot/package.xml
[4.282s] Invoked command in '/home/annguyen/claybot_ws/build/claybot' returned '0': CMAKE_PREFIX_PATH=${CMAKE_PREFIX_PATH}:/opt/ros/jazzy /usr/bin/cmake --install /home/annguyen/claybot_ws/build/claybot
