[0.062s] DEBUG:colcon:Command line arguments: ['/usr/bin/colcon', 'build']
[0.062s] DEBUG:colcon:Parsed command line arguments: Namespace(log_base=None, log_level=None, verb_name='build', build_base='build', install_base='install', merge_install=False, symlink_install=False, test_result_base=None, continue_on_error=False, executor='parallel', parallel_workers=32, event_handlers=None, ignore_user_meta=False, metas=['./colcon.meta'], base_paths=['.'], packages_ignore=None, packages_ignore_regex=None, paths=None, packages_up_to=None, packages_up_to_regex=None, packages_above=None, packages_above_and_dependencies=None, packages_above_depth=None, packages_select_by_dep=None, packages_skip_by_dep=None, packages_skip_up_to=None, packages_select_build_failed=False, packages_skip_build_finished=False, packages_select_test_failures=False, packages_skip_test_passed=False, packages_select=None, packages_skip=None, packages_select_regex=None, packages_skip_regex=None, packages_start=None, packages_end=None, allow_overriding=[], cmake_args=None, cmake_target=None, cmake_target_skip_unavailable=False, cmake_clean_cache=False, cmake_clean_first=False, cmake_force_configure=False, ament_cmake_args=None, catkin_cmake_args=None, catkin_skip_building_tests=False, mixin_files=None, mixin=None, verb_parser=<colcon_mixin.mixin.mixin_argument.MixinArgumentDecorator object at 0x705d9332dd90>, verb_extension=<colcon_core.verb.build.BuildVerb object at 0x705d93679970>, main=<bound method BuildVerb.main of <colcon_core.verb.build.BuildVerb object at 0x705d93679970>>, mixin_verb=('build',))
[0.078s] Level 1:colcon.colcon_core.package_discovery:discover_packages(colcon_meta) check parameters
[0.078s] Level 1:colcon.colcon_core.package_discovery:discover_packages(recursive) check parameters
[0.078s] Level 1:colcon.colcon_core.package_discovery:discover_packages(ignore) check parameters
[0.078s] Level 1:colcon.colcon_core.package_discovery:discover_packages(path) check parameters
[0.078s] Level 1:colcon.colcon_core.package_discovery:discover_packages(colcon_meta) discover
[0.078s] Level 1:colcon.colcon_core.package_discovery:discover_packages(recursive) discover
[0.078s] INFO:colcon.colcon_core.package_discovery:Crawling recursively for packages in '/home/annguyen/classes/c++/project-annguyen9461/ros2_ws/src'
[0.078s] Level 1:colcon.colcon_core.package_identification:_identify(.) by extensions ['ignore', 'ignore_ament_install']
[0.078s] Level 1:colcon.colcon_core.package_identification:_identify(.) by extension 'ignore'
[0.078s] Level 1:colcon.colcon_core.package_identification:_identify(.) by extension 'ignore_ament_install'
[0.078s] Level 1:colcon.colcon_core.package_identification:_identify(.) by extensions ['colcon_pkg']
[0.078s] Level 1:colcon.colcon_core.package_identification:_identify(.) by extension 'colcon_pkg'
[0.078s] Level 1:colcon.colcon_core.package_identification:_identify(.) by extensions ['colcon_meta']
[0.078s] Level 1:colcon.colcon_core.package_identification:_identify(.) by extension 'colcon_meta'
[0.078s] Level 1:colcon.colcon_core.package_identification:_identify(.) by extensions ['ros']
[0.078s] Level 1:colcon.colcon_core.package_identification:_identify(.) by extension 'ros'
[0.090s] Level 1:colcon.colcon_core.package_identification:_identify(.) by extensions ['cmake', 'python']
[0.090s] Level 1:colcon.colcon_core.package_identification:_identify(.) by extension 'cmake'
[0.090s] Level 1:colcon.colcon_core.package_identification:_identify(.) by extension 'python'
[0.090s] Level 1:colcon.colcon_core.package_identification:_identify(.) by extensions ['python_setup_py']
[0.090s] Level 1:colcon.colcon_core.package_identification:_identify(.) by extension 'python_setup_py'
[0.090s] Level 1:colcon.colcon_core.package_identification:_identify(build) by extensions ['ignore', 'ignore_ament_install']
[0.090s] Level 1:colcon.colcon_core.package_identification:_identify(build) by extension 'ignore'
[0.090s] Level 1:colcon.colcon_core.package_identification:_identify(build) ignored
[0.090s] Level 1:colcon.colcon_core.package_identification:_identify(claybot) by extensions ['ignore', 'ignore_ament_install']
[0.090s] Level 1:colcon.colcon_core.package_identification:_identify(claybot) by extension 'ignore'
[0.090s] Level 1:colcon.colcon_core.package_identification:_identify(claybot) by extension 'ignore_ament_install'
[0.090s] Level 1:colcon.colcon_core.package_identification:_identify(claybot) by extensions ['colcon_pkg']
[0.090s] Level 1:colcon.colcon_core.package_identification:_identify(claybot) by extension 'colcon_pkg'
[0.090s] Level 1:colcon.colcon_core.package_identification:_identify(claybot) by extensions ['colcon_meta']
[0.090s] Level 1:colcon.colcon_core.package_identification:_identify(claybot) by extension 'colcon_meta'
[0.090s] Level 1:colcon.colcon_core.package_identification:_identify(claybot) by extensions ['ros']
[0.090s] Level 1:colcon.colcon_core.package_identification:_identify(claybot) by extension 'ros'
[0.092s] DEBUG:colcon.colcon_core.package_identification:Package 'claybot' with type 'ros.ament_cmake' and name 'claybot'
[0.092s] Level 1:colcon.colcon_core.package_identification:_identify(claybot_srvcli) by extensions ['ignore', 'ignore_ament_install']
[0.092s] Level 1:colcon.colcon_core.package_identification:_identify(claybot_srvcli) by extension 'ignore'
[0.092s] Level 1:colcon.colcon_core.package_identification:_identify(claybot_srvcli) by extension 'ignore_ament_install'
[0.092s] Level 1:colcon.colcon_core.package_identification:_identify(claybot_srvcli) by extensions ['colcon_pkg']
[0.092s] Level 1:colcon.colcon_core.package_identification:_identify(claybot_srvcli) by extension 'colcon_pkg'
[0.092s] Level 1:colcon.colcon_core.package_identification:_identify(claybot_srvcli) by extensions ['colcon_meta']
[0.092s] Level 1:colcon.colcon_core.package_identification:_identify(claybot_srvcli) by extension 'colcon_meta'
[0.092s] Level 1:colcon.colcon_core.package_identification:_identify(claybot_srvcli) by extensions ['ros']
[0.092s] Level 1:colcon.colcon_core.package_identification:_identify(claybot_srvcli) by extension 'ros'
[0.092s] DEBUG:colcon.colcon_core.package_identification:Package 'claybot_srvcli' with type 'ros.ament_cmake' and name 'claybot_srvcli'
[0.092s] Level 1:colcon.colcon_core.package_identification:_identify(install) by extensions ['ignore', 'ignore_ament_install']
[0.092s] Level 1:colcon.colcon_core.package_identification:_identify(install) by extension 'ignore'
[0.092s] Level 1:colcon.colcon_core.package_identification:_identify(install) ignored
[0.092s] Level 1:colcon.colcon_core.package_identification:_identify(log) by extensions ['ignore', 'ignore_ament_install']
[0.092s] Level 1:colcon.colcon_core.package_identification:_identify(log) by extension 'ignore'
[0.092s] Level 1:colcon.colcon_core.package_identification:_identify(log) ignored
[0.092s] Level 1:colcon.colcon_core.package_discovery:discover_packages(recursive) using defaults
[0.092s] Level 1:colcon.colcon_core.package_discovery:discover_packages(ignore) discover
[0.092s] Level 1:colcon.colcon_core.package_discovery:discover_packages(ignore) using defaults
[0.092s] Level 1:colcon.colcon_core.package_discovery:discover_packages(path) discover
[0.092s] Level 1:colcon.colcon_core.package_discovery:discover_packages(path) using defaults
[0.100s] Level 1:colcon.colcon_core.package_discovery:discover_packages(prefix_path) check parameters
[0.100s] Level 1:colcon.colcon_core.package_discovery:discover_packages(prefix_path) discover
[0.101s] DEBUG:colcon.colcon_installed_package_information.package_discovery:Found 498 installed packages in /opt/ros/jazzy
[0.102s] Level 1:colcon.colcon_core.package_discovery:discover_packages(prefix_path) using defaults
[0.131s] Level 5:colcon.colcon_core.verb:set package 'claybot' build argument 'cmake_args' from command line to 'None'
[0.131s] Level 5:colcon.colcon_core.verb:set package 'claybot' build argument 'cmake_target' from command line to 'None'
[0.131s] Level 5:colcon.colcon_core.verb:set package 'claybot' build argument 'cmake_target_skip_unavailable' from command line to 'False'
[0.131s] Level 5:colcon.colcon_core.verb:set package 'claybot' build argument 'cmake_clean_cache' from command line to 'False'
[0.131s] Level 5:colcon.colcon_core.verb:set package 'claybot' build argument 'cmake_clean_first' from command line to 'False'
[0.131s] Level 5:colcon.colcon_core.verb:set package 'claybot' build argument 'cmake_force_configure' from command line to 'False'
[0.131s] Level 5:colcon.colcon_core.verb:set package 'claybot' build argument 'ament_cmake_args' from command line to 'None'
[0.131s] Level 5:colcon.colcon_core.verb:set package 'claybot' build argument 'catkin_cmake_args' from command line to 'None'
[0.131s] Level 5:colcon.colcon_core.verb:set package 'claybot' build argument 'catkin_skip_building_tests' from command line to 'False'
[0.131s] DEBUG:colcon.colcon_core.verb:Building package 'claybot' with the following arguments: {'ament_cmake_args': None, 'build_base': '/home/annguyen/classes/c++/project-annguyen9461/ros2_ws/src/build/claybot', 'catkin_cmake_args': None, 'catkin_skip_building_tests': False, 'cmake_args': None, 'cmake_clean_cache': False, 'cmake_clean_first': False, 'cmake_force_configure': False, 'cmake_target': None, 'cmake_target_skip_unavailable': False, 'install_base': '/home/annguyen/classes/c++/project-annguyen9461/ros2_ws/src/install/claybot', 'merge_install': False, 'path': '/home/annguyen/classes/c++/project-annguyen9461/ros2_ws/src/claybot', 'symlink_install': False, 'test_result_base': None}
[0.132s] Level 5:colcon.colcon_core.verb:set package 'claybot_srvcli' build argument 'cmake_args' from command line to 'None'
[0.132s] Level 5:colcon.colcon_core.verb:set package 'claybot_srvcli' build argument 'cmake_target' from command line to 'None'
[0.132s] Level 5:colcon.colcon_core.verb:set package 'claybot_srvcli' build argument 'cmake_target_skip_unavailable' from command line to 'False'
[0.132s] Level 5:colcon.colcon_core.verb:set package 'claybot_srvcli' build argument 'cmake_clean_cache' from command line to 'False'
[0.132s] Level 5:colcon.colcon_core.verb:set package 'claybot_srvcli' build argument 'cmake_clean_first' from command line to 'False'
[0.132s] Level 5:colcon.colcon_core.verb:set package 'claybot_srvcli' build argument 'cmake_force_configure' from command line to 'False'
[0.132s] Level 5:colcon.colcon_core.verb:set package 'claybot_srvcli' build argument 'ament_cmake_args' from command line to 'None'
[0.132s] Level 5:colcon.colcon_core.verb:set package 'claybot_srvcli' build argument 'catkin_cmake_args' from command line to 'None'
[0.132s] Level 5:colcon.colcon_core.verb:set package 'claybot_srvcli' build argument 'catkin_skip_building_tests' from command line to 'False'
[0.132s] DEBUG:colcon.colcon_core.verb:Building package 'claybot_srvcli' with the following arguments: {'ament_cmake_args': None, 'build_base': '/home/annguyen/classes/c++/project-annguyen9461/ros2_ws/src/build/claybot_srvcli', 'catkin_cmake_args': None, 'catkin_skip_building_tests': False, 'cmake_args': None, 'cmake_clean_cache': False, 'cmake_clean_first': False, 'cmake_force_configure': False, 'cmake_target': None, 'cmake_target_skip_unavailable': False, 'install_base': '/home/annguyen/classes/c++/project-annguyen9461/ros2_ws/src/install/claybot_srvcli', 'merge_install': False, 'path': '/home/annguyen/classes/c++/project-annguyen9461/ros2_ws/src/claybot_srvcli', 'symlink_install': False, 'test_result_base': None}
[0.132s] INFO:colcon.colcon_core.executor:Executing jobs using 'parallel' executor
[0.132s] DEBUG:colcon.colcon_parallel_executor.executor.parallel:run_until_complete
[0.132s] INFO:colcon.colcon_ros.task.ament_cmake.build:Building ROS package in '/home/annguyen/classes/c++/project-annguyen9461/ros2_ws/src/claybot' with build type 'ament_cmake'
[0.132s] INFO:colcon.colcon_cmake.task.cmake.build:Building CMake package in '/home/annguyen/classes/c++/project-annguyen9461/ros2_ws/src/claybot'
[0.133s] INFO:colcon.colcon_core.plugin_system:Skipping extension 'colcon_core.shell.bat': Not used on non-Windows systems
[0.133s] INFO:colcon.colcon_core.shell:Skip shell extension 'powershell' for command environment: Not usable outside of PowerShell
[0.133s] DEBUG:colcon.colcon_core.shell:Skip shell extension 'dsv' for command environment
[0.135s] INFO:colcon.colcon_ros.task.ament_cmake.build:Building ROS package in '/home/annguyen/classes/c++/project-annguyen9461/ros2_ws/src/claybot_srvcli' with build type 'ament_cmake'
[0.135s] INFO:colcon.colcon_cmake.task.cmake.build:Building CMake package in '/home/annguyen/classes/c++/project-annguyen9461/ros2_ws/src/claybot_srvcli'
[0.135s] INFO:colcon.colcon_core.shell:Skip shell extension 'powershell' for command environment: Not usable outside of PowerShell
[0.135s] DEBUG:colcon.colcon_core.shell:Skip shell extension 'dsv' for command environment
[0.139s] DEBUG:colcon.colcon_core.event_handler.log_command:Invoking command in '/home/annguyen/classes/c++/project-annguyen9461/ros2_ws/src/build/claybot': CMAKE_PREFIX_PATH=${CMAKE_PREFIX_PATH}:/opt/ros/jazzy /usr/bin/cmake /home/annguyen/classes/c++/project-annguyen9461/ros2_ws/src/claybot -DCMAKE_INSTALL_PREFIX=/home/annguyen/classes/c++/project-annguyen9461/ros2_ws/src/install/claybot
[0.140s] DEBUG:colcon.colcon_core.event_handler.log_command:Invoking command in '/home/annguyen/classes/c++/project-annguyen9461/ros2_ws/src/build/claybot_srvcli': CMAKE_PREFIX_PATH=${CMAKE_PREFIX_PATH}:/opt/ros/jazzy /usr/bin/cmake /home/annguyen/classes/c++/project-annguyen9461/ros2_ws/src/claybot_srvcli -DCMAKE_INSTALL_PREFIX=/home/annguyen/classes/c++/project-annguyen9461/ros2_ws/src/install/claybot_srvcli
[1.020s] DEBUG:colcon.colcon_core.event_handler.log_command:Invoked command in '/home/annguyen/classes/c++/project-annguyen9461/ros2_ws/src/build/claybot' returned '1': CMAKE_PREFIX_PATH=${CMAKE_PREFIX_PATH}:/opt/ros/jazzy /usr/bin/cmake /home/annguyen/classes/c++/project-annguyen9461/ros2_ws/src/claybot -DCMAKE_INSTALL_PREFIX=/home/annguyen/classes/c++/project-annguyen9461/ros2_ws/src/install/claybot
[1.020s] DEBUG:colcon.colcon_core.event_handler.log_command:Invoked command in '/home/annguyen/classes/c++/project-annguyen9461/ros2_ws/src/build/claybot_srvcli' returned '1': CMAKE_PREFIX_PATH=${CMAKE_PREFIX_PATH}:/opt/ros/jazzy /usr/bin/cmake /home/annguyen/classes/c++/project-annguyen9461/ros2_ws/src/claybot_srvcli -DCMAKE_INSTALL_PREFIX=/home/annguyen/classes/c++/project-annguyen9461/ros2_ws/src/install/claybot_srvcli
[1.023s] Level 1:colcon.colcon_core.environment:create_environment_scripts_only(claybot)
[1.024s] Level 1:colcon.colcon_core.environment:checking '/home/annguyen/classes/c++/project-annguyen9461/ros2_ws/src/install/claybot' for CMake module files
[1.024s] Level 1:colcon.colcon_core.environment:checking '/home/annguyen/classes/c++/project-annguyen9461/ros2_ws/src/install/claybot' for CMake config files
[1.024s] Level 1:colcon.colcon_core.environment:checking '/home/annguyen/classes/c++/project-annguyen9461/ros2_ws/src/install/claybot/bin'
[1.024s] Level 1:colcon.colcon_core.environment:checking '/home/annguyen/classes/c++/project-annguyen9461/ros2_ws/src/install/claybot/lib/pkgconfig/claybot.pc'
[1.024s] Level 1:colcon.colcon_core.environment:checking '/home/annguyen/classes/c++/project-annguyen9461/ros2_ws/src/install/claybot/lib/python3.12/site-packages'
[1.024s] Level 1:colcon.colcon_core.environment:checking '/home/annguyen/classes/c++/project-annguyen9461/ros2_ws/src/install/claybot/bin'
[1.024s] INFO:colcon.colcon_core.shell:Creating package script '/home/annguyen/classes/c++/project-annguyen9461/ros2_ws/src/install/claybot/share/claybot/package.ps1'
[1.025s] INFO:colcon.colcon_core.shell:Creating package descriptor '/home/annguyen/classes/c++/project-annguyen9461/ros2_ws/src/install/claybot/share/claybot/package.dsv'
[1.025s] INFO:colcon.colcon_core.shell:Creating package script '/home/annguyen/classes/c++/project-annguyen9461/ros2_ws/src/install/claybot/share/claybot/package.sh'
[1.025s] INFO:colcon.colcon_core.shell:Creating package script '/home/annguyen/classes/c++/project-annguyen9461/ros2_ws/src/install/claybot/share/claybot/package.bash'
[1.025s] INFO:colcon.colcon_core.shell:Creating package script '/home/annguyen/classes/c++/project-annguyen9461/ros2_ws/src/install/claybot/share/claybot/package.zsh'
[1.026s] Level 1:colcon.colcon_core.environment:create_file_with_runtime_dependencies(/home/annguyen/classes/c++/project-annguyen9461/ros2_ws/src/install/claybot/share/colcon-core/packages/claybot)
[1.038s] DEBUG:colcon.colcon_parallel_executor.executor.parallel:closing loop
[1.038s] DEBUG:colcon.colcon_parallel_executor.executor.parallel:loop closed
[1.038s] DEBUG:colcon.colcon_parallel_executor.executor.parallel:run_until_complete finished with '1'
[1.038s] DEBUG:colcon.colcon_core.event_reactor:joining thread
[1.044s] INFO:colcon.colcon_core.plugin_system:Skipping extension 'colcon_notification.desktop_notification.terminal_notifier': Not used on non-Darwin systems
[1.044s] INFO:colcon.colcon_core.plugin_system:Skipping extension 'colcon_notification.desktop_notification.win32': Not used on non-Windows systems
[1.044s] INFO:colcon.colcon_notification.desktop_notification:Sending desktop notification using 'notify2'
[1.061s] DEBUG:colcon.colcon_core.event_reactor:joined thread
[1.061s] INFO:colcon.colcon_core.shell:Creating prefix script '/home/annguyen/classes/c++/project-annguyen9461/ros2_ws/src/install/local_setup.ps1'
[1.062s] INFO:colcon.colcon_core.shell:Creating prefix util module '/home/annguyen/classes/c++/project-annguyen9461/ros2_ws/src/install/_local_setup_util_ps1.py'
[1.063s] INFO:colcon.colcon_core.shell:Creating prefix chain script '/home/annguyen/classes/c++/project-annguyen9461/ros2_ws/src/install/setup.ps1'
[1.064s] INFO:colcon.colcon_core.shell:Creating prefix script '/home/annguyen/classes/c++/project-annguyen9461/ros2_ws/src/install/local_setup.sh'
[1.064s] INFO:colcon.colcon_core.shell:Creating prefix util module '/home/annguyen/classes/c++/project-annguyen9461/ros2_ws/src/install/_local_setup_util_sh.py'
[1.065s] INFO:colcon.colcon_core.shell:Creating prefix chain script '/home/annguyen/classes/c++/project-annguyen9461/ros2_ws/src/install/setup.sh'
[1.066s] INFO:colcon.colcon_core.shell:Creating prefix script '/home/annguyen/classes/c++/project-annguyen9461/ros2_ws/src/install/local_setup.bash'
[1.066s] INFO:colcon.colcon_core.shell:Creating prefix chain script '/home/annguyen/classes/c++/project-annguyen9461/ros2_ws/src/install/setup.bash'
[1.067s] INFO:colcon.colcon_core.shell:Creating prefix script '/home/annguyen/classes/c++/project-annguyen9461/ros2_ws/src/install/local_setup.zsh'
[1.068s] INFO:colcon.colcon_core.shell:Creating prefix chain script '/home/annguyen/classes/c++/project-annguyen9461/ros2_ws/src/install/setup.zsh'
