[0.064s] DEBUG:colcon:Command line arguments: ['/usr/bin/colcon', 'build', '--packages-select', 'claybot', '--cmake-args', '-DBUILD_DOCUMENTATION=ON']
[0.064s] DEBUG:colcon:Parsed command line arguments: Namespace(log_base=None, log_level=None, verb_name='build', build_base='build', install_base='install', merge_install=False, symlink_install=False, test_result_base=None, continue_on_error=False, executor='parallel', parallel_workers=32, event_handlers=None, ignore_user_meta=False, metas=['./colcon.meta'], base_paths=['.'], packages_ignore=None, packages_ignore_regex=None, paths=None, packages_up_to=None, packages_up_to_regex=None, packages_above=None, packages_above_and_dependencies=None, packages_above_depth=None, packages_select_by_dep=None, packages_skip_by_dep=None, packages_skip_up_to=None, packages_select_build_failed=False, packages_skip_build_finished=False, packages_select_test_failures=False, packages_skip_test_passed=False, packages_select=['claybot'], packages_skip=None, packages_select_regex=None, packages_skip_regex=None, packages_start=None, packages_end=None, allow_overriding=[], cmake_args=['-DBUILD_DOCUMENTATION=ON'], cmake_target=None, cmake_target_skip_unavailable=False, cmake_clean_cache=False, cmake_clean_first=False, cmake_force_configure=False, ament_cmake_args=None, catkin_cmake_args=None, catkin_skip_building_tests=False, mixin_files=None, mixin=None, verb_parser=<colcon_mixin.mixin.mixin_argument.MixinArgumentDecorator object at 0x75e0ba2c9c10>, verb_extension=<colcon_core.verb.build.BuildVerb object at 0x75e0ba55d370>, main=<bound method BuildVerb.main of <colcon_core.verb.build.BuildVerb object at 0x75e0ba55d370>>, mixin_verb=('build',))
[0.080s] Level 1:colcon.colcon_core.package_discovery:discover_packages(colcon_meta) check parameters
[0.080s] Level 1:colcon.colcon_core.package_discovery:discover_packages(recursive) check parameters
[0.080s] Level 1:colcon.colcon_core.package_discovery:discover_packages(ignore) check parameters
[0.080s] Level 1:colcon.colcon_core.package_discovery:discover_packages(path) check parameters
[0.080s] Level 1:colcon.colcon_core.package_discovery:discover_packages(colcon_meta) discover
[0.080s] Level 1:colcon.colcon_core.package_discovery:discover_packages(recursive) discover
[0.080s] INFO:colcon.colcon_core.package_discovery:Crawling recursively for packages in '/home/annguyen/ros2_ws/src/claybot'
[0.080s] Level 1:colcon.colcon_core.package_identification:_identify(.) by extensions ['ignore', 'ignore_ament_install']
[0.080s] Level 1:colcon.colcon_core.package_identification:_identify(.) by extension 'ignore'
[0.080s] Level 1:colcon.colcon_core.package_identification:_identify(.) by extension 'ignore_ament_install'
[0.081s] Level 1:colcon.colcon_core.package_identification:_identify(.) by extensions ['colcon_pkg']
[0.081s] Level 1:colcon.colcon_core.package_identification:_identify(.) by extension 'colcon_pkg'
[0.081s] Level 1:colcon.colcon_core.package_identification:_identify(.) by extensions ['colcon_meta']
[0.081s] Level 1:colcon.colcon_core.package_identification:_identify(.) by extension 'colcon_meta'
[0.081s] Level 1:colcon.colcon_core.package_identification:_identify(.) by extensions ['ros']
[0.081s] Level 1:colcon.colcon_core.package_identification:_identify(.) by extension 'ros'
[0.094s] DEBUG:colcon.colcon_core.package_identification:Package '.' with type 'ros.ament_cmake' and name 'claybot'
[0.094s] Level 1:colcon.colcon_core.package_discovery:discover_packages(recursive) using defaults
[0.094s] Level 1:colcon.colcon_core.package_discovery:discover_packages(ignore) discover
[0.094s] Level 1:colcon.colcon_core.package_discovery:discover_packages(ignore) using defaults
[0.094s] Level 1:colcon.colcon_core.package_discovery:discover_packages(path) discover
[0.094s] Level 1:colcon.colcon_core.package_discovery:discover_packages(path) using defaults
[0.102s] Level 1:colcon.colcon_core.package_discovery:discover_packages(prefix_path) check parameters
[0.102s] Level 1:colcon.colcon_core.package_discovery:discover_packages(prefix_path) discover
[0.102s] DEBUG:colcon.colcon_installed_package_information.package_discovery:Found 2 installed packages in /home/annguyen/ros2_ws/install
[0.103s] DEBUG:colcon.colcon_installed_package_information.package_discovery:Found 498 installed packages in /opt/ros/jazzy
[0.104s] Level 1:colcon.colcon_core.package_discovery:discover_packages(prefix_path) using defaults
[0.135s] Level 5:colcon.colcon_core.verb:set package 'claybot' build argument 'cmake_args' from command line to '['-DBUILD_DOCUMENTATION=ON']'
[0.135s] Level 5:colcon.colcon_core.verb:set package 'claybot' build argument 'cmake_target' from command line to 'None'
[0.135s] Level 5:colcon.colcon_core.verb:set package 'claybot' build argument 'cmake_target_skip_unavailable' from command line to 'False'
[0.135s] Level 5:colcon.colcon_core.verb:set package 'claybot' build argument 'cmake_clean_cache' from command line to 'False'
[0.135s] Level 5:colcon.colcon_core.verb:set package 'claybot' build argument 'cmake_clean_first' from command line to 'False'
[0.135s] Level 5:colcon.colcon_core.verb:set package 'claybot' build argument 'cmake_force_configure' from command line to 'False'
[0.135s] Level 5:colcon.colcon_core.verb:set package 'claybot' build argument 'ament_cmake_args' from command line to 'None'
[0.135s] Level 5:colcon.colcon_core.verb:set package 'claybot' build argument 'catkin_cmake_args' from command line to 'None'
[0.135s] Level 5:colcon.colcon_core.verb:set package 'claybot' build argument 'catkin_skip_building_tests' from command line to 'False'
[0.135s] DEBUG:colcon.colcon_core.verb:Building package 'claybot' with the following arguments: {'ament_cmake_args': None, 'build_base': '/home/annguyen/ros2_ws/src/claybot/build/claybot', 'catkin_cmake_args': None, 'catkin_skip_building_tests': False, 'cmake_args': ['-DBUILD_DOCUMENTATION=ON'], 'cmake_clean_cache': False, 'cmake_clean_first': False, 'cmake_force_configure': False, 'cmake_target': None, 'cmake_target_skip_unavailable': False, 'install_base': '/home/annguyen/ros2_ws/src/claybot/install/claybot', 'merge_install': False, 'path': '/home/annguyen/ros2_ws/src/claybot', 'symlink_install': False, 'test_result_base': None}
[0.135s] INFO:colcon.colcon_core.executor:Executing jobs using 'parallel' executor
[0.135s] DEBUG:colcon.colcon_parallel_executor.executor.parallel:run_until_complete
[0.135s] INFO:colcon.colcon_ros.task.ament_cmake.build:Building ROS package in '/home/annguyen/ros2_ws/src/claybot' with build type 'ament_cmake'
[0.135s] INFO:colcon.colcon_cmake.task.cmake.build:Building CMake package in '/home/annguyen/ros2_ws/src/claybot'
[0.136s] INFO:colcon.colcon_core.plugin_system:Skipping extension 'colcon_core.shell.bat': Not used on non-Windows systems
[0.136s] INFO:colcon.colcon_core.shell:Skip shell extension 'powershell' for command environment: Not usable outside of PowerShell
[0.136s] DEBUG:colcon.colcon_core.shell:Skip shell extension 'dsv' for command environment
[0.141s] DEBUG:colcon.colcon_core.event_handler.log_command:Invoking command in '/home/annguyen/ros2_ws/src/claybot/build/claybot': CMAKE_PREFIX_PATH=${CMAKE_PREFIX_PATH}:/opt/ros/jazzy /usr/bin/cmake /home/annguyen/ros2_ws/src/claybot -DBUILD_DOCUMENTATION=ON -DCMAKE_INSTALL_PREFIX=/home/annguyen/ros2_ws/src/claybot/install/claybot
[1.222s] DEBUG:colcon.colcon_core.event_handler.log_command:Invoked command in '/home/annguyen/ros2_ws/src/claybot/build/claybot' returned '0': CMAKE_PREFIX_PATH=${CMAKE_PREFIX_PATH}:/opt/ros/jazzy /usr/bin/cmake /home/annguyen/ros2_ws/src/claybot -DBUILD_DOCUMENTATION=ON -DCMAKE_INSTALL_PREFIX=/home/annguyen/ros2_ws/src/claybot/install/claybot
[1.222s] DEBUG:colcon.colcon_core.event_handler.log_command:Invoking command in '/home/annguyen/ros2_ws/src/claybot/build/claybot': CMAKE_PREFIX_PATH=${CMAKE_PREFIX_PATH}:/opt/ros/jazzy /usr/bin/cmake --build /home/annguyen/ros2_ws/src/claybot/build/claybot -- -j32 -l32
[5.894s] DEBUG:colcon.colcon_core.event_handler.log_command:Invoked command in '/home/annguyen/ros2_ws/src/claybot/build/claybot' returned '0': CMAKE_PREFIX_PATH=${CMAKE_PREFIX_PATH}:/opt/ros/jazzy /usr/bin/cmake --build /home/annguyen/ros2_ws/src/claybot/build/claybot -- -j32 -l32
[5.948s] DEBUG:colcon.colcon_core.event_handler.log_command:Invoking command in '/home/annguyen/ros2_ws/src/claybot/build/claybot': CMAKE_PREFIX_PATH=${CMAKE_PREFIX_PATH}:/opt/ros/jazzy /usr/bin/cmake --install /home/annguyen/ros2_ws/src/claybot/build/claybot
[5.962s] DEBUG:colcon.colcon_core.event_handler.log_command:Invoked command in '/home/annguyen/ros2_ws/src/claybot/build/claybot' returned '1': CMAKE_PREFIX_PATH=${CMAKE_PREFIX_PATH}:/opt/ros/jazzy /usr/bin/cmake --install /home/annguyen/ros2_ws/src/claybot/build/claybot
[6.010s] Level 1:colcon.colcon_core.environment:create_environment_scripts_only(claybot)
[6.013s] Level 1:colcon.colcon_core.environment:checking '/home/annguyen/ros2_ws/src/claybot/install/claybot' for CMake module files
[6.013s] Level 1:colcon.colcon_core.environment:checking '/home/annguyen/ros2_ws/src/claybot/install/claybot' for CMake config files
[6.014s] Level 1:colcon.colcon_core.environment:checking '/home/annguyen/ros2_ws/src/claybot/install/claybot/bin'
[6.014s] Level 1:colcon.colcon_core.environment:checking '/home/annguyen/ros2_ws/src/claybot/install/claybot/lib/pkgconfig/claybot.pc'
[6.014s] Level 1:colcon.colcon_core.environment:checking '/home/annguyen/ros2_ws/src/claybot/install/claybot/lib/python3.12/site-packages'
[6.014s] Level 1:colcon.colcon_core.environment:checking '/home/annguyen/ros2_ws/src/claybot/install/claybot/bin'
[6.015s] INFO:colcon.colcon_core.shell:Creating package script '/home/annguyen/ros2_ws/src/claybot/install/claybot/share/claybot/package.ps1'
[6.016s] INFO:colcon.colcon_core.shell:Creating package descriptor '/home/annguyen/ros2_ws/src/claybot/install/claybot/share/claybot/package.dsv'
[6.017s] INFO:colcon.colcon_core.shell:Creating package script '/home/annguyen/ros2_ws/src/claybot/install/claybot/share/claybot/package.sh'
[6.018s] INFO:colcon.colcon_core.shell:Creating package script '/home/annguyen/ros2_ws/src/claybot/install/claybot/share/claybot/package.bash'
[6.019s] INFO:colcon.colcon_core.shell:Creating package script '/home/annguyen/ros2_ws/src/claybot/install/claybot/share/claybot/package.zsh'
[6.019s] Level 1:colcon.colcon_core.environment:create_file_with_runtime_dependencies(/home/annguyen/ros2_ws/src/claybot/install/claybot/share/colcon-core/packages/claybot)
[6.030s] DEBUG:colcon.colcon_parallel_executor.executor.parallel:closing loop
[6.030s] DEBUG:colcon.colcon_parallel_executor.executor.parallel:loop closed
[6.030s] DEBUG:colcon.colcon_parallel_executor.executor.parallel:run_until_complete finished with '1'
[6.030s] DEBUG:colcon.colcon_core.event_reactor:joining thread
[6.038s] INFO:colcon.colcon_core.plugin_system:Skipping extension 'colcon_notification.desktop_notification.terminal_notifier': Not used on non-Darwin systems
[6.038s] INFO:colcon.colcon_core.plugin_system:Skipping extension 'colcon_notification.desktop_notification.win32': Not used on non-Windows systems
[6.038s] INFO:colcon.colcon_notification.desktop_notification:Sending desktop notification using 'notify2'
[6.063s] DEBUG:colcon.colcon_core.event_reactor:joined thread
[6.064s] INFO:colcon.colcon_core.shell:Creating prefix script '/home/annguyen/ros2_ws/src/claybot/install/local_setup.ps1'
[6.065s] INFO:colcon.colcon_core.shell:Creating prefix util module '/home/annguyen/ros2_ws/src/claybot/install/_local_setup_util_ps1.py'
[6.066s] INFO:colcon.colcon_core.shell:Creating prefix chain script '/home/annguyen/ros2_ws/src/claybot/install/setup.ps1'
[6.066s] INFO:colcon.colcon_core.shell:Creating prefix script '/home/annguyen/ros2_ws/src/claybot/install/local_setup.sh'
[6.067s] INFO:colcon.colcon_core.shell:Creating prefix util module '/home/annguyen/ros2_ws/src/claybot/install/_local_setup_util_sh.py'
[6.067s] INFO:colcon.colcon_core.shell:Creating prefix chain script '/home/annguyen/ros2_ws/src/claybot/install/setup.sh'
[6.068s] INFO:colcon.colcon_core.shell:Creating prefix script '/home/annguyen/ros2_ws/src/claybot/install/local_setup.bash'
[6.069s] INFO:colcon.colcon_core.shell:Creating prefix chain script '/home/annguyen/ros2_ws/src/claybot/install/setup.bash'
[6.069s] INFO:colcon.colcon_core.shell:Creating prefix script '/home/annguyen/ros2_ws/src/claybot/install/local_setup.zsh'
[6.069s] INFO:colcon.colcon_core.shell:Creating prefix chain script '/home/annguyen/ros2_ws/src/claybot/install/setup.zsh'
