-- The C compiler identification is GNU 13.2.0
-- The CXX compiler identification is GNU 13.2.0
-- Detecting C compiler ABI info
-- Detecting C compiler ABI info - done
-- Check for working C compiler: /usr/bin/cc - skipped
-- Detecting C compile features
-- Detecting C compile features - done
-- Detecting CXX compiler ABI info
-- Detecting CXX compiler ABI info - done
-- Check for working CXX compiler: /usr/bin/c++ - skipped
-- Detecting CXX compile features
-- Detecting CXX compile features - done
-- Found ament_cmake: 2.5.2 (/opt/ros/jazzy/share/ament_cmake/cmake)
-- Found Python3: /usr/bin/python3 (found version "3.12.3") found components: Interpreter 
-- Found ament_lint_auto: 0.17.1 (/opt/ros/jazzy/share/ament_lint_auto/cmake)
-- Added test 'cppcheck' to perform static code analysis on C / C++ code
-- Configured cppcheck include dirs: $<BUILD_INTERFACE:/home/annguyen/claybot_ws/src/claybot/include>
-- Configured cppcheck exclude dirs and/or files: 
-- Added test 'lint_cmake' to check CMake code style
-- Added test 'uncrustify' to check C / C++ code style
-- Configured uncrustify additional arguments: 
-- Added test 'xmllint' to check XML markup files
-- Configuring done (0.6s)
-- Generating done (0.0s)
-- Build files have been written to: /home/annguyen/claybot_ws/build/claybot
[ 50%] [32mBuilding CXX object CMakeFiles/vision.dir/src/vision.cpp.o[0m
[100%] [32m[1mLinking CXX executable vision[0m
[100%] Built target vision
-- Install configuration: ""
-- Installing: /home/annguyen/claybot_ws/install/claybot/lib/claybot/vision
-- Installing: /home/annguyen/claybot_ws/install/claybot/share/ament_index/resource_index/package_run_dependencies/claybot
-- Installing: /home/annguyen/claybot_ws/install/claybot/share/ament_index/resource_index/parent_prefix_path/claybot
-- Installing: /home/annguyen/claybot_ws/install/claybot/share/claybot/environment/ament_prefix_path.sh
-- Installing: /home/annguyen/claybot_ws/install/claybot/share/claybot/environment/ament_prefix_path.dsv
-- Installing: /home/annguyen/claybot_ws/install/claybot/share/claybot/environment/path.sh
-- Installing: /home/annguyen/claybot_ws/install/claybot/share/claybot/environment/path.dsv
-- Installing: /home/annguyen/claybot_ws/install/claybot/share/claybot/local_setup.bash
-- Installing: /home/annguyen/claybot_ws/install/claybot/share/claybot/local_setup.sh
-- Installing: /home/annguyen/claybot_ws/install/claybot/share/claybot/local_setup.zsh
-- Installing: /home/annguyen/claybot_ws/install/claybot/share/claybot/local_setup.dsv
-- Installing: /home/annguyen/claybot_ws/install/claybot/share/claybot/package.dsv
-- Installing: /home/annguyen/claybot_ws/install/claybot/share/ament_index/resource_index/packages/claybot
-- Installing: /home/annguyen/claybot_ws/install/claybot/share/claybot/cmake/claybotConfig.cmake
-- Installing: /home/annguyen/claybot_ws/install/claybot/share/claybot/cmake/claybotConfig-version.cmake
-- Installing: /home/annguyen/claybot_ws/install/claybot/share/claybot/package.xml
