[0.005s] Invoking command in '/home/annguyen/claybot_ws/build/claybot': CMAKE_PREFIX_PATH=${CMAKE_PREFIX_PATH}:/opt/ros/jazzy /usr/bin/cmake /home/annguyen/claybot_ws/src/claybot -DCMAKE_INSTALL_PREFIX=/home/annguyen/claybot_ws/install/claybot
[0.051s] -- The C compiler identification is GNU 13.2.0
[0.101s] -- The CXX compiler identification is GNU 13.2.0
[0.113s] -- Detecting C compiler ABI info
[0.226s] -- Detecting C compiler ABI info - done
[0.236s] -- Check for working C compiler: /usr/bin/cc - skipped
[0.236s] -- Detecting C compile features
[0.236s] -- Detecting C compile features - done
[0.247s] -- Detecting CXX compiler ABI info
[0.362s] -- Detecting CXX compiler ABI info - done
[0.372s] -- Check for working CXX compiler: /usr/bin/c++ - skipped
[0.373s] -- Detecting CXX compile features
[0.373s] -- Detecting CXX compile features - done
[0.376s] -- Found ament_cmake: 2.5.2 (/opt/ros/jazzy/share/ament_cmake/cmake)
[0.503s] -- Found Python3: /usr/bin/python3 (found version "3.12.3") found components: Interpreter 
[0.571s] -- Found ament_lint_auto: 0.17.1 (/opt/ros/jazzy/share/ament_lint_auto/cmake)
[0.641s] -- Added test 'cppcheck' to perform static code analysis on C / C++ code
[0.641s] -- Configured cppcheck include dirs: $<BUILD_INTERFACE:/home/annguyen/claybot_ws/src/claybot/include>
[0.641s] -- Configured cppcheck exclude dirs and/or files: 
[0.642s] -- Added test 'lint_cmake' to check CMake code style
[0.642s] -- Added test 'uncrustify' to check C / C++ code style
[0.642s] -- Configured uncrustify additional arguments: 
[0.643s] -- Added test 'xmllint' to check XML markup files
[0.643s] -- Configuring done (0.6s)
[0.645s] -- Generating done (0.0s)
[0.645s] -- Build files have been written to: /home/annguyen/claybot_ws/build/claybot
[0.649s] Invoked command in '/home/annguyen/claybot_ws/build/claybot' returned '0': CMAKE_PREFIX_PATH=${CMAKE_PREFIX_PATH}:/opt/ros/jazzy /usr/bin/cmake /home/annguyen/claybot_ws/src/claybot -DCMAKE_INSTALL_PREFIX=/home/annguyen/claybot_ws/install/claybot
[0.649s] Invoking command in '/home/annguyen/claybot_ws/build/claybot': CMAKE_PREFIX_PATH=${CMAKE_PREFIX_PATH}:/opt/ros/jazzy /usr/bin/cmake --build /home/annguyen/claybot_ws/build/claybot -- -j32 -l32
[0.695s] [ 50%] [32mBuilding CXX object CMakeFiles/vision.dir/src/vision.cpp.o[0m
[0.736s] [100%] [32m[1mLinking CXX executable vision[0m
[0.779s] [100%] Built target vision
[0.791s] Invoked command in '/home/annguyen/claybot_ws/build/claybot' returned '0': CMAKE_PREFIX_PATH=${CMAKE_PREFIX_PATH}:/opt/ros/jazzy /usr/bin/cmake --build /home/annguyen/claybot_ws/build/claybot -- -j32 -l32
[0.830s] Invoking command in '/home/annguyen/claybot_ws/build/claybot': CMAKE_PREFIX_PATH=${CMAKE_PREFIX_PATH}:/opt/ros/jazzy /usr/bin/cmake --install /home/annguyen/claybot_ws/build/claybot
[0.838s] -- Install configuration: ""
[0.838s] -- Installing: /home/annguyen/claybot_ws/install/claybot/lib/claybot/vision
[0.838s] -- Installing: /home/annguyen/claybot_ws/install/claybot/share/ament_index/resource_index/package_run_dependencies/claybot
[0.838s] -- Installing: /home/annguyen/claybot_ws/install/claybot/share/ament_index/resource_index/parent_prefix_path/claybot
[0.838s] -- Installing: /home/annguyen/claybot_ws/install/claybot/share/claybot/environment/ament_prefix_path.sh
[0.839s] -- Installing: /home/annguyen/claybot_ws/install/claybot/share/claybot/environment/ament_prefix_path.dsv
[0.839s] -- Installing: /home/annguyen/claybot_ws/install/claybot/share/claybot/environment/path.sh
[0.839s] -- Installing: /home/annguyen/claybot_ws/install/claybot/share/claybot/environment/path.dsv
[0.839s] -- Installing: /home/annguyen/claybot_ws/install/claybot/share/claybot/local_setup.bash
[0.839s] -- Installing: /home/annguyen/claybot_ws/install/claybot/share/claybot/local_setup.sh
[0.839s] -- Installing: /home/annguyen/claybot_ws/install/claybot/share/claybot/local_setup.zsh
[0.839s] -- Installing: /home/annguyen/claybot_ws/install/claybot/share/claybot/local_setup.dsv
[0.839s] -- Installing: /home/annguyen/claybot_ws/install/claybot/share/claybot/package.dsv
[0.839s] -- Installing: /home/annguyen/claybot_ws/install/claybot/share/ament_index/resource_index/packages/claybot
[0.839s] -- Installing: /home/annguyen/claybot_ws/install/claybot/share/claybot/cmake/claybotConfig.cmake
[0.839s] -- Installing: /home/annguyen/claybot_ws/install/claybot/share/claybot/cmake/claybotConfig-version.cmake
[0.839s] -- Installing: /home/annguyen/claybot_ws/install/claybot/share/claybot/package.xml
[0.841s] Invoked command in '/home/annguyen/claybot_ws/build/claybot' returned '0': CMAKE_PREFIX_PATH=${CMAKE_PREFIX_PATH}:/opt/ros/jazzy /usr/bin/cmake --install /home/annguyen/claybot_ws/build/claybot
