[0.062s] DEBUG:colcon:Command line arguments: ['/usr/bin/colcon', 'build', '--packages-select', 'claybot_srvcli']
[0.062s] DEBUG:colcon:Parsed command line arguments: Namespace(log_base=None, log_level=None, verb_name='build', build_base='build', install_base='install', merge_install=False, symlink_install=False, test_result_base=None, continue_on_error=False, executor='parallel', parallel_workers=32, event_handlers=None, ignore_user_meta=False, metas=['./colcon.meta'], base_paths=['.'], packages_ignore=None, packages_ignore_regex=None, paths=None, packages_up_to=None, packages_up_to_regex=None, packages_above=None, packages_above_and_dependencies=None, packages_above_depth=None, packages_select_by_dep=None, packages_skip_by_dep=None, packages_skip_up_to=None, packages_select_build_failed=False, packages_skip_build_finished=False, packages_select_test_failures=False, packages_skip_test_passed=False, packages_select=['claybot_srvcli'], packages_skip=None, packages_select_regex=None, packages_skip_regex=None, packages_start=None, packages_end=None, allow_overriding=[], cmake_args=None, cmake_target=None, cmake_target_skip_unavailable=False, cmake_clean_cache=False, cmake_clean_first=False, cmake_force_configure=False, ament_cmake_args=None, catkin_cmake_args=None, catkin_skip_building_tests=False, mixin_files=None, mixin=None, verb_parser=<colcon_mixin.mixin.mixin_argument.MixinArgumentDecorator object at 0x7e6bc58213d0>, verb_extension=<colcon_core.verb.build.BuildVerb object at 0x7e6bc5abcc20>, main=<bound method BuildVerb.main of <colcon_core.verb.build.BuildVerb object at 0x7e6bc5abcc20>>, mixin_verb=('build',))
[0.078s] Level 1:colcon.colcon_core.package_discovery:discover_packages(colcon_meta) check parameters
[0.078s] Level 1:colcon.colcon_core.package_discovery:discover_packages(recursive) check parameters
[0.078s] Level 1:colcon.colcon_core.package_discovery:discover_packages(ignore) check parameters
[0.078s] Level 1:colcon.colcon_core.package_discovery:discover_packages(path) check parameters
[0.078s] Level 1:colcon.colcon_core.package_discovery:discover_packages(colcon_meta) discover
[0.078s] Level 1:colcon.colcon_core.package_discovery:discover_packages(recursive) discover
[0.078s] INFO:colcon.colcon_core.package_discovery:Crawling recursively for packages in '/home/annguyen/claybot_ws'
[0.078s] Level 1:colcon.colcon_core.package_identification:_identify(.) by extensions ['ignore', 'ignore_ament_install']
[0.078s] Level 1:colcon.colcon_core.package_identification:_identify(.) by extension 'ignore'
[0.078s] Level 1:colcon.colcon_core.package_identification:_identify(.) by extension 'ignore_ament_install'
[0.078s] Level 1:colcon.colcon_core.package_identification:_identify(.) by extensions ['colcon_pkg']
[0.078s] Level 1:colcon.colcon_core.package_identification:_identify(.) by extension 'colcon_pkg'
[0.078s] Level 1:colcon.colcon_core.package_identification:_identify(.) by extensions ['colcon_meta']
[0.078s] Level 1:colcon.colcon_core.package_identification:_identify(.) by extension 'colcon_meta'
[0.078s] Level 1:colcon.colcon_core.package_identification:_identify(.) by extensions ['ros']
[0.078s] Level 1:colcon.colcon_core.package_identification:_identify(.) by extension 'ros'
[0.090s] Level 1:colcon.colcon_core.package_identification:_identify(.) by extensions ['cmake', 'python']
[0.090s] Level 1:colcon.colcon_core.package_identification:_identify(.) by extension 'cmake'
[0.090s] Level 1:colcon.colcon_core.package_identification:_identify(.) by extension 'python'
[0.090s] Level 1:colcon.colcon_core.package_identification:_identify(.) by extensions ['python_setup_py']
[0.090s] Level 1:colcon.colcon_core.package_identification:_identify(.) by extension 'python_setup_py'
[0.090s] Level 1:colcon.colcon_core.package_identification:_identify(build) by extensions ['ignore', 'ignore_ament_install']
[0.090s] Level 1:colcon.colcon_core.package_identification:_identify(build) by extension 'ignore'
[0.090s] Level 1:colcon.colcon_core.package_identification:_identify(build) ignored
[0.090s] Level 1:colcon.colcon_core.package_identification:_identify(install) by extensions ['ignore', 'ignore_ament_install']
[0.090s] Level 1:colcon.colcon_core.package_identification:_identify(install) by extension 'ignore'
[0.090s] Level 1:colcon.colcon_core.package_identification:_identify(install) ignored
[0.090s] Level 1:colcon.colcon_core.package_identification:_identify(log) by extensions ['ignore', 'ignore_ament_install']
[0.090s] Level 1:colcon.colcon_core.package_identification:_identify(log) by extension 'ignore'
[0.090s] Level 1:colcon.colcon_core.package_identification:_identify(log) ignored
[0.090s] Level 1:colcon.colcon_core.package_identification:_identify(src) by extensions ['ignore', 'ignore_ament_install']
[0.090s] Level 1:colcon.colcon_core.package_identification:_identify(src) by extension 'ignore'
[0.090s] Level 1:colcon.colcon_core.package_identification:_identify(src) by extension 'ignore_ament_install'
[0.091s] Level 1:colcon.colcon_core.package_identification:_identify(src) by extensions ['colcon_pkg']
[0.091s] Level 1:colcon.colcon_core.package_identification:_identify(src) by extension 'colcon_pkg'
[0.091s] Level 1:colcon.colcon_core.package_identification:_identify(src) by extensions ['colcon_meta']
[0.091s] Level 1:colcon.colcon_core.package_identification:_identify(src) by extension 'colcon_meta'
[0.091s] Level 1:colcon.colcon_core.package_identification:_identify(src) by extensions ['ros']
[0.091s] Level 1:colcon.colcon_core.package_identification:_identify(src) by extension 'ros'
[0.091s] Level 1:colcon.colcon_core.package_identification:_identify(src) by extensions ['cmake', 'python']
[0.091s] Level 1:colcon.colcon_core.package_identification:_identify(src) by extension 'cmake'
[0.091s] Level 1:colcon.colcon_core.package_identification:_identify(src) by extension 'python'
[0.091s] Level 1:colcon.colcon_core.package_identification:_identify(src) by extensions ['python_setup_py']
[0.091s] Level 1:colcon.colcon_core.package_identification:_identify(src) by extension 'python_setup_py'
[0.091s] Level 1:colcon.colcon_core.package_identification:_identify(src/claybot) by extensions ['ignore', 'ignore_ament_install']
[0.091s] Level 1:colcon.colcon_core.package_identification:_identify(src/claybot) by extension 'ignore'
[0.091s] Level 1:colcon.colcon_core.package_identification:_identify(src/claybot) by extension 'ignore_ament_install'
[0.091s] Level 1:colcon.colcon_core.package_identification:_identify(src/claybot) by extensions ['colcon_pkg']
[0.091s] Level 1:colcon.colcon_core.package_identification:_identify(src/claybot) by extension 'colcon_pkg'
[0.091s] Level 1:colcon.colcon_core.package_identification:_identify(src/claybot) by extensions ['colcon_meta']
[0.091s] Level 1:colcon.colcon_core.package_identification:_identify(src/claybot) by extension 'colcon_meta'
[0.091s] Level 1:colcon.colcon_core.package_identification:_identify(src/claybot) by extensions ['ros']
[0.091s] Level 1:colcon.colcon_core.package_identification:_identify(src/claybot) by extension 'ros'
[0.092s] DEBUG:colcon.colcon_core.package_identification:Package 'src/claybot' with type 'ros.ament_cmake' and name 'claybot'
[0.092s] Level 1:colcon.colcon_core.package_identification:_identify(src/claybot_srvcli) by extensions ['ignore', 'ignore_ament_install']
[0.092s] Level 1:colcon.colcon_core.package_identification:_identify(src/claybot_srvcli) by extension 'ignore'
[0.092s] Level 1:colcon.colcon_core.package_identification:_identify(src/claybot_srvcli) by extension 'ignore_ament_install'
[0.092s] Level 1:colcon.colcon_core.package_identification:_identify(src/claybot_srvcli) by extensions ['colcon_pkg']
[0.092s] Level 1:colcon.colcon_core.package_identification:_identify(src/claybot_srvcli) by extension 'colcon_pkg'
[0.092s] Level 1:colcon.colcon_core.package_identification:_identify(src/claybot_srvcli) by extensions ['colcon_meta']
[0.092s] Level 1:colcon.colcon_core.package_identification:_identify(src/claybot_srvcli) by extension 'colcon_meta'
[0.092s] Level 1:colcon.colcon_core.package_identification:_identify(src/claybot_srvcli) by extensions ['ros']
[0.092s] Level 1:colcon.colcon_core.package_identification:_identify(src/claybot_srvcli) by extension 'ros'
[0.093s] DEBUG:colcon.colcon_core.package_identification:Package 'src/claybot_srvcli' with type 'ros.ament_cmake' and name 'claybot_srvcli'
[0.093s] Level 1:colcon.colcon_core.package_discovery:discover_packages(recursive) using defaults
[0.093s] Level 1:colcon.colcon_core.package_discovery:discover_packages(ignore) discover
[0.093s] Level 1:colcon.colcon_core.package_discovery:discover_packages(ignore) using defaults
[0.093s] Level 1:colcon.colcon_core.package_discovery:discover_packages(path) discover
[0.093s] Level 1:colcon.colcon_core.package_discovery:discover_packages(path) using defaults
[0.100s] INFO:colcon.colcon_core.package_selection:Skipping not selected package 'claybot' in 'src/claybot'
[0.100s] Level 1:colcon.colcon_core.package_discovery:discover_packages(prefix_path) check parameters
[0.100s] Level 1:colcon.colcon_core.package_discovery:discover_packages(prefix_path) discover
[0.101s] DEBUG:colcon.colcon_installed_package_information.package_discovery:Found 1 installed packages in /home/annguyen/claybot_ws/install
[0.102s] DEBUG:colcon.colcon_installed_package_information.package_discovery:Found 498 installed packages in /opt/ros/jazzy
[0.103s] Level 1:colcon.colcon_core.package_discovery:discover_packages(prefix_path) using defaults
[0.132s] Level 5:colcon.colcon_core.verb:set package 'claybot_srvcli' build argument 'cmake_args' from command line to 'None'
[0.132s] Level 5:colcon.colcon_core.verb:set package 'claybot_srvcli' build argument 'cmake_target' from command line to 'None'
[0.132s] Level 5:colcon.colcon_core.verb:set package 'claybot_srvcli' build argument 'cmake_target_skip_unavailable' from command line to 'False'
[0.132s] Level 5:colcon.colcon_core.verb:set package 'claybot_srvcli' build argument 'cmake_clean_cache' from command line to 'False'
[0.132s] Level 5:colcon.colcon_core.verb:set package 'claybot_srvcli' build argument 'cmake_clean_first' from command line to 'False'
[0.132s] Level 5:colcon.colcon_core.verb:set package 'claybot_srvcli' build argument 'cmake_force_configure' from command line to 'False'
[0.132s] Level 5:colcon.colcon_core.verb:set package 'claybot_srvcli' build argument 'ament_cmake_args' from command line to 'None'
[0.132s] Level 5:colcon.colcon_core.verb:set package 'claybot_srvcli' build argument 'catkin_cmake_args' from command line to 'None'
[0.132s] Level 5:colcon.colcon_core.verb:set package 'claybot_srvcli' build argument 'catkin_skip_building_tests' from command line to 'False'
[0.132s] DEBUG:colcon.colcon_core.verb:Building package 'claybot_srvcli' with the following arguments: {'ament_cmake_args': None, 'build_base': '/home/annguyen/claybot_ws/build/claybot_srvcli', 'catkin_cmake_args': None, 'catkin_skip_building_tests': False, 'cmake_args': None, 'cmake_clean_cache': False, 'cmake_clean_first': False, 'cmake_force_configure': False, 'cmake_target': None, 'cmake_target_skip_unavailable': False, 'install_base': '/home/annguyen/claybot_ws/install/claybot_srvcli', 'merge_install': False, 'path': '/home/annguyen/claybot_ws/src/claybot_srvcli', 'symlink_install': False, 'test_result_base': None}
[0.132s] INFO:colcon.colcon_core.executor:Executing jobs using 'parallel' executor
[0.133s] DEBUG:colcon.colcon_parallel_executor.executor.parallel:run_until_complete
[0.133s] INFO:colcon.colcon_ros.task.ament_cmake.build:Building ROS package in '/home/annguyen/claybot_ws/src/claybot_srvcli' with build type 'ament_cmake'
[0.133s] INFO:colcon.colcon_cmake.task.cmake.build:Building CMake package in '/home/annguyen/claybot_ws/src/claybot_srvcli'
[0.134s] INFO:colcon.colcon_core.plugin_system:Skipping extension 'colcon_core.shell.bat': Not used on non-Windows systems
[0.134s] INFO:colcon.colcon_core.shell:Skip shell extension 'powershell' for command environment: Not usable outside of PowerShell
[0.134s] DEBUG:colcon.colcon_core.shell:Skip shell extension 'dsv' for command environment
[0.139s] DEBUG:colcon.colcon_core.event_handler.log_command:Invoking command in '/home/annguyen/claybot_ws/build/claybot_srvcli': CMAKE_PREFIX_PATH=${CMAKE_PREFIX_PATH}:/opt/ros/jazzy /usr/bin/cmake /home/annguyen/claybot_ws/src/claybot_srvcli -DCMAKE_INSTALL_PREFIX=/home/annguyen/claybot_ws/install/claybot_srvcli
[1.045s] DEBUG:colcon.colcon_core.event_handler.log_command:Invoked command in '/home/annguyen/claybot_ws/build/claybot_srvcli' returned '0': CMAKE_PREFIX_PATH=${CMAKE_PREFIX_PATH}:/opt/ros/jazzy /usr/bin/cmake /home/annguyen/claybot_ws/src/claybot_srvcli -DCMAKE_INSTALL_PREFIX=/home/annguyen/claybot_ws/install/claybot_srvcli
[1.045s] DEBUG:colcon.colcon_core.event_handler.log_command:Invoking command in '/home/annguyen/claybot_ws/build/claybot_srvcli': CMAKE_PREFIX_PATH=${CMAKE_PREFIX_PATH}:/opt/ros/jazzy /usr/bin/cmake --build /home/annguyen/claybot_ws/build/claybot_srvcli -- -j32 -l32
[2.909s] DEBUG:colcon.colcon_core.event_handler.log_command:Invoked command in '/home/annguyen/claybot_ws/build/claybot_srvcli' returned '0': CMAKE_PREFIX_PATH=${CMAKE_PREFIX_PATH}:/opt/ros/jazzy /usr/bin/cmake --build /home/annguyen/claybot_ws/build/claybot_srvcli -- -j32 -l32
[2.959s] DEBUG:colcon.colcon_core.event_handler.log_command:Invoking command in '/home/annguyen/claybot_ws/build/claybot_srvcli': CMAKE_PREFIX_PATH=${CMAKE_PREFIX_PATH}:/opt/ros/jazzy /usr/bin/cmake --install /home/annguyen/claybot_ws/build/claybot_srvcli
[2.972s] Level 1:colcon.colcon_core.environment:create_environment_scripts_only(claybot_srvcli)
[2.972s] DEBUG:colcon.colcon_core.event_handler.log_command:Invoked command in '/home/annguyen/claybot_ws/build/claybot_srvcli' returned '0': CMAKE_PREFIX_PATH=${CMAKE_PREFIX_PATH}:/opt/ros/jazzy /usr/bin/cmake --install /home/annguyen/claybot_ws/build/claybot_srvcli
[2.973s] Level 1:colcon.colcon_core.environment:checking '/home/annguyen/claybot_ws/install/claybot_srvcli' for CMake module files
[2.973s] Level 1:colcon.colcon_core.environment:checking '/home/annguyen/claybot_ws/install/claybot_srvcli' for CMake config files
[2.973s] Level 1:colcon.colcon_core.shell:create_environment_hook('claybot_srvcli', 'cmake_prefix_path')
[2.974s] INFO:colcon.colcon_core.shell:Creating environment hook '/home/annguyen/claybot_ws/install/claybot_srvcli/share/claybot_srvcli/hook/cmake_prefix_path.ps1'
[2.974s] INFO:colcon.colcon_core.shell:Creating environment descriptor '/home/annguyen/claybot_ws/install/claybot_srvcli/share/claybot_srvcli/hook/cmake_prefix_path.dsv'
[2.974s] INFO:colcon.colcon_core.shell:Creating environment hook '/home/annguyen/claybot_ws/install/claybot_srvcli/share/claybot_srvcli/hook/cmake_prefix_path.sh'
[2.975s] Level 1:colcon.colcon_core.environment:checking '/home/annguyen/claybot_ws/install/claybot_srvcli/lib'
[2.975s] Level 1:colcon.colcon_core.environment:checking '/home/annguyen/claybot_ws/install/claybot_srvcli/bin'
[2.976s] Level 1:colcon.colcon_core.environment:checking '/home/annguyen/claybot_ws/install/claybot_srvcli/lib/pkgconfig/claybot_srvcli.pc'
[2.976s] Level 1:colcon.colcon_core.environment:checking '/home/annguyen/claybot_ws/install/claybot_srvcli/lib/python3.12/site-packages'
[2.976s] Level 1:colcon.colcon_core.environment:checking '/home/annguyen/claybot_ws/install/claybot_srvcli/bin'
[2.976s] INFO:colcon.colcon_core.shell:Creating package script '/home/annguyen/claybot_ws/install/claybot_srvcli/share/claybot_srvcli/package.ps1'
[2.977s] INFO:colcon.colcon_core.shell:Creating package descriptor '/home/annguyen/claybot_ws/install/claybot_srvcli/share/claybot_srvcli/package.dsv'
[2.977s] INFO:colcon.colcon_core.shell:Creating package script '/home/annguyen/claybot_ws/install/claybot_srvcli/share/claybot_srvcli/package.sh'
[2.978s] INFO:colcon.colcon_core.shell:Creating package script '/home/annguyen/claybot_ws/install/claybot_srvcli/share/claybot_srvcli/package.bash'
[2.978s] INFO:colcon.colcon_core.shell:Creating package script '/home/annguyen/claybot_ws/install/claybot_srvcli/share/claybot_srvcli/package.zsh'
[2.979s] Level 1:colcon.colcon_core.environment:create_file_with_runtime_dependencies(/home/annguyen/claybot_ws/install/claybot_srvcli/share/colcon-core/packages/claybot_srvcli)
[3.014s] Level 1:colcon.colcon_core.environment:create_environment_scripts_only(claybot_srvcli)
[3.014s] Level 1:colcon.colcon_core.environment:checking '/home/annguyen/claybot_ws/install/claybot_srvcli' for CMake module files
[3.015s] Level 1:colcon.colcon_core.environment:checking '/home/annguyen/claybot_ws/install/claybot_srvcli' for CMake config files
[3.015s] Level 1:colcon.colcon_core.shell:create_environment_hook('claybot_srvcli', 'cmake_prefix_path')
[3.015s] INFO:colcon.colcon_core.shell:Creating environment hook '/home/annguyen/claybot_ws/install/claybot_srvcli/share/claybot_srvcli/hook/cmake_prefix_path.ps1'
[3.015s] INFO:colcon.colcon_core.shell:Creating environment descriptor '/home/annguyen/claybot_ws/install/claybot_srvcli/share/claybot_srvcli/hook/cmake_prefix_path.dsv'
[3.016s] INFO:colcon.colcon_core.shell:Creating environment hook '/home/annguyen/claybot_ws/install/claybot_srvcli/share/claybot_srvcli/hook/cmake_prefix_path.sh'
[3.016s] Level 1:colcon.colcon_core.environment:checking '/home/annguyen/claybot_ws/install/claybot_srvcli/lib'
[3.016s] Level 1:colcon.colcon_core.environment:checking '/home/annguyen/claybot_ws/install/claybot_srvcli/bin'
[3.016s] Level 1:colcon.colcon_core.environment:checking '/home/annguyen/claybot_ws/install/claybot_srvcli/lib/pkgconfig/claybot_srvcli.pc'
[3.017s] Level 1:colcon.colcon_core.environment:checking '/home/annguyen/claybot_ws/install/claybot_srvcli/lib/python3.12/site-packages'
[3.017s] Level 1:colcon.colcon_core.environment:checking '/home/annguyen/claybot_ws/install/claybot_srvcli/bin'
[3.017s] INFO:colcon.colcon_core.shell:Creating package script '/home/annguyen/claybot_ws/install/claybot_srvcli/share/claybot_srvcli/package.ps1'
[3.017s] INFO:colcon.colcon_core.shell:Creating package descriptor '/home/annguyen/claybot_ws/install/claybot_srvcli/share/claybot_srvcli/package.dsv'
[3.018s] INFO:colcon.colcon_core.shell:Creating package script '/home/annguyen/claybot_ws/install/claybot_srvcli/share/claybot_srvcli/package.sh'
[3.018s] INFO:colcon.colcon_core.shell:Creating package script '/home/annguyen/claybot_ws/install/claybot_srvcli/share/claybot_srvcli/package.bash'
[3.018s] INFO:colcon.colcon_core.shell:Creating package script '/home/annguyen/claybot_ws/install/claybot_srvcli/share/claybot_srvcli/package.zsh'
[3.019s] Level 1:colcon.colcon_core.environment:create_file_with_runtime_dependencies(/home/annguyen/claybot_ws/install/claybot_srvcli/share/colcon-core/packages/claybot_srvcli)
[3.019s] DEBUG:colcon.colcon_parallel_executor.executor.parallel:closing loop
[3.019s] DEBUG:colcon.colcon_parallel_executor.executor.parallel:loop closed
[3.019s] DEBUG:colcon.colcon_parallel_executor.executor.parallel:run_until_complete finished with '0'
[3.019s] DEBUG:colcon.colcon_core.event_reactor:joining thread
[3.025s] INFO:colcon.colcon_core.plugin_system:Skipping extension 'colcon_notification.desktop_notification.terminal_notifier': Not used on non-Darwin systems
[3.025s] INFO:colcon.colcon_core.plugin_system:Skipping extension 'colcon_notification.desktop_notification.win32': Not used on non-Windows systems
[3.025s] INFO:colcon.colcon_notification.desktop_notification:Sending desktop notification using 'notify2'
[3.046s] DEBUG:colcon.colcon_core.event_reactor:joined thread
[3.047s] INFO:colcon.colcon_core.shell:Creating prefix script '/home/annguyen/claybot_ws/install/local_setup.ps1'
[3.048s] INFO:colcon.colcon_core.shell:Creating prefix util module '/home/annguyen/claybot_ws/install/_local_setup_util_ps1.py'
[3.049s] INFO:colcon.colcon_core.shell:Creating prefix chain script '/home/annguyen/claybot_ws/install/setup.ps1'
[3.050s] INFO:colcon.colcon_core.shell:Creating prefix script '/home/annguyen/claybot_ws/install/local_setup.sh'
[3.050s] INFO:colcon.colcon_core.shell:Creating prefix util module '/home/annguyen/claybot_ws/install/_local_setup_util_sh.py'
[3.051s] INFO:colcon.colcon_core.shell:Creating prefix chain script '/home/annguyen/claybot_ws/install/setup.sh'
[3.051s] INFO:colcon.colcon_core.shell:Creating prefix script '/home/annguyen/claybot_ws/install/local_setup.bash'
[3.052s] INFO:colcon.colcon_core.shell:Creating prefix chain script '/home/annguyen/claybot_ws/install/setup.bash'
[3.053s] INFO:colcon.colcon_core.shell:Creating prefix script '/home/annguyen/claybot_ws/install/local_setup.zsh'
[3.053s] INFO:colcon.colcon_core.shell:Creating prefix chain script '/home/annguyen/claybot_ws/install/setup.zsh'
